"../../../Engine/Content/EditorResources/S_Actor.ubulk" 0
"../../../Engine/Content/EditorResources/S_Actor.uasset" 1
"../../../Engine/Content/EditorResources/S_Actor.uexp" 2
"../../../Engine/Content/EditorResources/S_BoxReflectionCapture.uasset" 3
"../../../Engine/Content/EditorResources/S_BoxReflectionCapture.uexp" 4
"../../../Engine/Content/EngineResources/DefaultTexture.ubulk" 5
"../../../Engine/Content/EngineResources/DefaultTexture.uasset" 6
"../../../Engine/Content/EngineResources/DefaultTexture.uexp" 7
"../../../Engine/Content/EngineResources/DefaultTextureCube.uasset" 8
"../../../Engine/Content/EngineResources/DefaultTextureCube.uexp" 9
"../../../Engine/Content/EngineResources/DefaultVolumeTexture2D.uasset" 10
"../../../Engine/Content/EngineResources/DefaultVolumeTexture2D.uexp" 11
"../../../Engine/Content/EngineResources/DefaultVolumeTexture.uasset" 12
"../../../Engine/Content/EngineResources/DefaultVolumeTexture.uexp" 13
"../../../Engine/Content/EditorResources/S_Trigger.ubulk" 14
"../../../Engine/Content/EditorResources/S_Trigger.uasset" 15
"../../../Engine/Content/EditorResources/S_Trigger.uexp" 16
"../../../Engine/Content/EditorResources/S_TriggerBox.uasset" 17
"../../../Engine/Content/EditorResources/S_TriggerBox.uexp" 18
"../../../Engine/Content/EditorResources/S_TriggerCapsule.uasset" 19
"../../../Engine/Content/EditorResources/S_TriggerCapsule.uexp" 20
"../../../Engine/Content/EditorResources/S_TriggerSphere.uasset" 21
"../../../Engine/Content/EditorResources/S_TriggerSphere.uexp" 22
"../../../Engine/Content/EngineMeshes/Sphere.ubulk" 23
"../../../Engine/Content/EngineMeshes/Sphere.uasset" 24
"../../../Engine/Content/EngineMeshes/Sphere.uexp" 25
"../../../Engine/Content/EngineResources/GradientTexture0.uasset" 26
"../../../Engine/Content/EngineResources/GradientTexture0.uexp" 27
"../../../Engine/Content/EngineResources/Black.uasset" 28
"../../../Engine/Content/EngineResources/Black.uexp" 29
"../../../Engine/Content/VREditor/LaserPointer/VR_LaserPower_01.ubulk" 30
"../../../Engine/Content/VREditor/LaserPointer/VR_LaserPower_01.uasset" 31
"../../../Engine/Content/VREditor/LaserPointer/VR_LaserPower_01.uexp" 32
"../../../Engine/Content/VREditor/TransformGizmo/TransformGizmoMaterial.uasset" 33
"../../../Engine/Content/VREditor/TransformGizmo/TransformGizmoMaterial.uexp" 34
"../../../Engine/Content/VREditor/TransformGizmo/TranslucentTransformGizmoMaterial.uasset" 35
"../../../Engine/Content/VREditor/TransformGizmo/TranslucentTransformGizmoMaterial.uexp" 36
"../../../Engine/Content/VREditor/TransformGizmo/PlaneTranslationHandle.ubulk" 37
"../../../Engine/Content/VREditor/TransformGizmo/PlaneTranslationHandle.uasset" 38
"../../../Engine/Content/VREditor/TransformGizmo/PlaneTranslationHandle.uexp" 39
"../../../Engine/Content/VREditor/TransformGizmo/BoundingBoxCorner.ubulk" 40
"../../../Engine/Content/VREditor/TransformGizmo/BoundingBoxCorner.uasset" 41
"../../../Engine/Content/VREditor/TransformGizmo/BoundingBoxCorner.uexp" 42
"../../../Engine/Content/VREditor/TransformGizmo/BoundingBoxEdge.ubulk" 43
"../../../Engine/Content/VREditor/TransformGizmo/BoundingBoxEdge.uasset" 44
"../../../Engine/Content/VREditor/TransformGizmo/BoundingBoxEdge.uexp" 45
"../../../Engine/Content/VREditor/TransformGizmo/Main.uasset" 46
"../../../Engine/Content/VREditor/TransformGizmo/Main.uexp" 47
"../../../Engine/Content/VREditor/TransformGizmo/Xray.uasset" 48
"../../../Engine/Content/VREditor/TransformGizmo/Xray.uexp" 49
"../../../Engine/Content/VREditor/TransformGizmo/SM_Sequencer_Node.ubulk" 50
"../../../Engine/Content/VREditor/TransformGizmo/SM_Sequencer_Node.uasset" 51
"../../../Engine/Content/VREditor/TransformGizmo/SM_Sequencer_Node.uexp" 52
"../../../Engine/Content/EditorMaterials/Camera/CineMat.uasset" 53
"../../../Engine/Content/EditorMaterials/Camera/CineMat.uexp" 54
"../../../Engine/Content/EditorMaterials/Camera/MI_CineMat_Rig.uasset" 55
"../../../Engine/Content/EditorMaterials/Camera/MI_CineMat_Rig.uexp" 56
"../../../Engine/Content/EditorMeshes/Camera/SM_CraneRig_Base.ubulk" 57
"../../../Engine/Content/EditorMeshes/Camera/SM_CraneRig_Base.uasset" 58
"../../../Engine/Content/EditorMeshes/Camera/SM_CraneRig_Base.uexp" 59
"../../../Engine/Content/EditorMeshes/Camera/SM_CraneRig_Arm.ubulk" 60
"../../../Engine/Content/EditorMeshes/Camera/SM_CraneRig_Arm.uasset" 61
"../../../Engine/Content/EditorMeshes/Camera/SM_CraneRig_Arm.uexp" 62
"../../../Engine/Content/EditorMeshes/Camera/SM_CraneRig_Mount.ubulk" 63
"../../../Engine/Content/EditorMeshes/Camera/SM_CraneRig_Mount.uasset" 64
"../../../Engine/Content/EditorMeshes/Camera/SM_CraneRig_Mount.uexp" 65
"../../../Engine/Content/EditorMeshes/Camera/SM_CraneRig_Body.ubulk" 66
"../../../Engine/Content/EditorMeshes/Camera/SM_CraneRig_Body.uasset" 67
"../../../Engine/Content/EditorMeshes/Camera/SM_CraneRig_Body.uexp" 68
"../../../Engine/Content/EditorMeshes/Camera/SM_RailRig_Track.ubulk" 69
"../../../Engine/Content/EditorMeshes/Camera/SM_RailRig_Track.uasset" 70
"../../../Engine/Content/EditorMeshes/Camera/SM_RailRig_Track.uexp" 71
"../../../Engine/Content/EditorMeshes/Camera/SM_RailRig_Mount.ubulk" 72
"../../../Engine/Content/EditorMeshes/Camera/SM_RailRig_Mount.uasset" 73
"../../../Engine/Content/EditorMeshes/Camera/SM_RailRig_Mount.uexp" 74
"../../../Engine/Content/EngineMaterials/T_Default_Material_Grid_M.ubulk" 75
"../../../Engine/Content/EngineMaterials/T_Default_Material_Grid_M.uasset" 76
"../../../Engine/Content/EngineMaterials/T_Default_Material_Grid_M.uexp" 77
"../../../Engine/Content/EngineMaterials/T_Default_Material_Grid_N.ubulk" 78
"../../../Engine/Content/EngineMaterials/T_Default_Material_Grid_N.uasset" 79
"../../../Engine/Content/EngineMaterials/T_Default_Material_Grid_N.uexp" 80
"../../../Engine/Content/Functions/Engine_MaterialFunctions01/Opacity/CameraDepthFade.uasset" 81
"../../../Engine/Content/Functions/Engine_MaterialFunctions01/Opacity/CameraDepthFade.uexp" 82
"../../../Engine/Content/EngineMaterials/WorldGridMaterial.uasset" 83
"../../../Engine/Content/EngineMaterials/WorldGridMaterial.uexp" 84
"../../../Engine/Content/ArtTools/RenderToTexture/Meshes/S_1_Unit_Plane.ubulk" 85
"../../../Engine/Content/ArtTools/RenderToTexture/Meshes/S_1_Unit_Plane.uasset" 86
"../../../Engine/Content/ArtTools/RenderToTexture/Meshes/S_1_Unit_Plane.uexp" 87
"../../../Engine/Content/EditorMaterials/ParticleSystems/PSysThumbnail_NoImage.ubulk" 88
"../../../Engine/Content/EditorMaterials/ParticleSystems/PSysThumbnail_NoImage.uasset" 89
"../../../Engine/Content/EditorMaterials/ParticleSystems/PSysThumbnail_NoImage.uexp" 90
"../../../Engine/Content/EditorMaterials/ParticleSystems/PSysThumbnail_OOD.ubulk" 91
"../../../Engine/Content/EditorMaterials/ParticleSystems/PSysThumbnail_OOD.uasset" 92
"../../../Engine/Content/EditorMaterials/ParticleSystems/PSysThumbnail_OOD.uexp" 93
"../../../Engine/Content/EditorLandscapeResources/SplineEditorMeshMat.uasset" 94
"../../../Engine/Content/EditorLandscapeResources/SplineEditorMeshMat.uexp" 95
"../../../Engine/Content/EditorLandscapeResources/SplineEditorMesh.ubulk" 96
"../../../Engine/Content/EditorLandscapeResources/SplineEditorMesh.uasset" 97
"../../../Engine/Content/EditorLandscapeResources/SplineEditorMesh.uexp" 98
"../../../Engine/Content/EditorResources/S_Solver.ubulk" 99
"../../../Engine/Content/EditorResources/S_Solver.uasset" 100
"../../../Engine/Content/EditorResources/S_Solver.uexp" 101
"../../../Engine/Plugins/Media/MediaPlate/Content/SM_MediaPlateScreen.ubulk" 102
"../../../Engine/Plugins/Media/MediaPlate/Content/SM_MediaPlateScreen.uasset" 103
"../../../Engine/Plugins/Media/MediaPlate/Content/SM_MediaPlateScreen.uexp" 104
"../../../Engine/Content/EngineMaterials/DefaultBokeh.uasset" 105
"../../../Engine/Content/EngineMaterials/DefaultBokeh.uexp" 106
"../../../Engine/Content/EngineMaterials/PreintegratedSkinBRDF.uasset" 107
"../../../Engine/Content/EngineMaterials/PreintegratedSkinBRDF.uexp" 108
"../../../Engine/Content/EngineMaterials/MiniFont.uasset" 109
"../../../Engine/Content/EngineMaterials/MiniFont.uexp" 110
"../../../Engine/Content/EngineMaterials/WeightMapPlaceholderTexture.uasset" 111
"../../../Engine/Content/EngineMaterials/WeightMapPlaceholderTexture.uexp" 112
"../../../Engine/Content/EngineMaterials/DefaultWhiteGrid.ubulk" 113
"../../../Engine/Content/EngineMaterials/DefaultWhiteGrid.uasset" 114
"../../../Engine/Content/EngineMaterials/DefaultWhiteGrid.uexp" 115
"../../../Engine/Content/Animation/DefaultRecorderBoneCompression.uasset" 116
"../../../Engine/Content/Animation/DefaultRecorderBoneCompression.uexp" 117
"../../../Engine/Content/EngineMaterials/DefaultMaterial.uasset" 118
"../../../Engine/Content/EngineMaterials/DefaultMaterial.uexp" 119
"../../../Engine/Content/BasicShapes/Sphere.ubulk" 120
"../../../Engine/Content/BasicShapes/Sphere.uasset" 121
"../../../Engine/Content/BasicShapes/Sphere.uexp" 122
"../../../Engine/Content/BasicShapes/Cylinder.ubulk" 123
"../../../Engine/Content/BasicShapes/Cylinder.uasset" 124
"../../../Engine/Content/BasicShapes/Cylinder.uexp" 125
"../../../Engine/Content/BasicShapes/Cube.ubulk" 126
"../../../Engine/Content/BasicShapes/Cube.uasset" 127
"../../../Engine/Content/BasicShapes/Cube.uexp" 128
"../../../Engine/Content/BasicShapes/Cone.ubulk" 129
"../../../Engine/Content/BasicShapes/Cone.uasset" 130
"../../../Engine/Content/BasicShapes/Cone.uexp" 131
"../../../Engine/Content/EditorLandscapeResources/DefaultAlphaTexture.uasset" 132
"../../../Engine/Content/EditorLandscapeResources/DefaultAlphaTexture.uexp" 133
"../../../Engine/Content/EditorLandscapeResources/DataLayer.uasset" 134
"../../../Engine/Content/EditorLandscapeResources/DataLayer.uexp" 135
"../../../Engine/Content/EditorMaterials/PreviewShadowIndicator.ubulk" 136
"../../../Engine/Content/EditorMaterials/PreviewShadowIndicator.uasset" 137
"../../../Engine/Content/EditorMaterials/PreviewShadowIndicator.uexp" 138
"../../../Engine/Content/EditorMaterials/PreviewShadowIndicatorMaterial.uasset" 139
"../../../Engine/Content/EditorMaterials/PreviewShadowIndicatorMaterial.uexp" 140
"../../../Engine/Content/EditorMaterials/PhAT_UnselectedMaterial.uasset" 141
"../../../Engine/Content/EditorMaterials/PhAT_UnselectedMaterial.uexp" 142
"../../../Engine/Content/EditorMaterials/PhAT_NoCollisionMaterial.uasset" 143
"../../../Engine/Content/EditorMaterials/PhAT_NoCollisionMaterial.uexp" 144
"../../../Engine/Content/Functions/Engine_MaterialFunctions02/Utility/MakeFloat4.uasset" 145
"../../../Engine/Content/Functions/Engine_MaterialFunctions02/Utility/MakeFloat4.uexp" 146
"../../../Engine/Content/Functions/Engine_MaterialFunctions02/Utility/MakeFloat3.uasset" 147
"../../../Engine/Content/Functions/Engine_MaterialFunctions02/Utility/MakeFloat3.uexp" 148
"../../../Engine/Content/Functions/Engine_MaterialFunctions02/Utility/BreakOutFloat3Components.uasset" 149
"../../../Engine/Content/Functions/Engine_MaterialFunctions02/Utility/BreakOutFloat3Components.uexp" 150
"../../../Engine/Content/EditorMaterials/WorldPartition/WorldPartitionSpatialHashGridPreviewMaterial.uasset" 151
"../../../Engine/Content/EditorMaterials/WorldPartition/WorldPartitionSpatialHashGridPreviewMaterial.uexp" 152
"../../../Engine/Content/EditorResources/S_Terrain.ubulk" 153
"../../../Engine/Content/EditorResources/S_Terrain.uasset" 154
"../../../Engine/Content/EditorResources/S_Terrain.uexp" 155
"../../../Engine/Content/EditorResources/BSPVertex.uasset" 156
"../../../Engine/Content/EditorResources/BSPVertex.uexp" 157
"../../../Engine/Content/EditorResources/SequenceRecorder/RecordingIndicator.uasset" 158
"../../../Engine/Content/EditorResources/SequenceRecorder/RecordingIndicator.uexp" 159
"../../../Engine/Content/EditorResources/SequenceRecorder/Countdown.uasset" 160
"../../../Engine/Content/EditorResources/SequenceRecorder/Countdown.uexp" 161
"../../../Engine/Content/EngineDamageTypes/DmgTypeBP_Environmental.uasset" 162
"../../../Engine/Content/EngineDamageTypes/DmgTypeBP_Environmental.uexp" 163
"../../../Engine/Content/Functions/Engine_MaterialFunctions02/Utility/CameraDirectionVector.uasset" 164
"../../../Engine/Content/Functions/Engine_MaterialFunctions02/Utility/CameraDirectionVector.uexp" 165
"../../../Engine/Content/EngineDebugMaterials/VolumeToRender.uasset" 166
"../../../Engine/Content/EngineDebugMaterials/VolumeToRender.uexp" 167
"../../../Engine/Content/EngineDebugMaterials/M_VolumeRenderSphereTracePP.uasset" 168
"../../../Engine/Content/EngineDebugMaterials/M_VolumeRenderSphereTracePP.uexp" 169
"../../../Engine/Content/EngineDebugMaterials/M_SimpleUnlitTranslucent.uasset" 170
"../../../Engine/Content/EngineDebugMaterials/M_SimpleUnlitTranslucent.uexp" 171
"../../../Engine/Content/EngineDebugMaterials/DebugMeshMaterial.uasset" 172
"../../../Engine/Content/EngineDebugMaterials/DebugMeshMaterial.uexp" 173
"../../../Engine/Content/EngineDebugMaterials/DebugEditorMaterial.uasset" 174
"../../../Engine/Content/EngineDebugMaterials/DebugEditorMaterial.uexp" 175
"../../../Engine/Content/EngineFonts/Faces/RobotoLight.uexp" 176
"../../../Engine/Content/EngineFonts/Faces/RobotoLight.uasset" 177
"../../../Engine/Content/EngineFonts/Faces/RobotoLight.ufont" 178
"../../../Engine/Content/EngineFonts/Faces/RobotoBold.uexp" 179
"../../../Engine/Content/EngineFonts/Faces/RobotoBold.uasset" 180
"../../../Engine/Content/EngineFonts/Faces/RobotoBold.ufont" 181
"../../../Engine/Content/EngineFonts/Faces/RobotoRegular.uexp" 182
"../../../Engine/Content/EngineFonts/Faces/RobotoRegular.uasset" 183
"../../../Engine/Content/EngineFonts/Faces/RobotoRegular.ufont" 184
"../../../Engine/Content/EngineFonts/Faces/DroidSansFallback.uexp" 185
"../../../Engine/Content/EngineFonts/Faces/DroidSansFallback.uasset" 186
"../../../Engine/Content/EngineFonts/Faces/DroidSansFallback.ufont" 187
"../../../Engine/Content/EngineFonts/Faces/RobotoItalic.uexp" 188
"../../../Engine/Content/EngineFonts/Faces/RobotoItalic.uasset" 189
"../../../Engine/Content/EngineFonts/Faces/RobotoItalic.ufont" 190
"../../../Engine/Content/EngineFonts/Faces/RobotoBoldItalic.uexp" 191
"../../../Engine/Content/EngineFonts/Faces/RobotoBoldItalic.uasset" 192
"../../../Engine/Content/EngineFonts/Faces/RobotoBoldItalic.ufont" 193
"../../../Engine/Content/EngineFonts/Roboto.uasset" 194
"../../../Engine/Content/EngineFonts/Roboto.uexp" 195
"../../../Engine/Content/EngineResources/WhiteSquareTexture.uasset" 196
"../../../Engine/Content/EngineResources/WhiteSquareTexture.uexp" 197
"../../../Engine/Content/EngineMaterials/Widget3DPassThrough.uasset" 198
"../../../Engine/Content/EngineMaterials/Widget3DPassThrough.uexp" 199
"../../../Engine/Content/EngineMaterials/Widget3DPassThrough_Translucent.uasset" 200
"../../../Engine/Content/EngineMaterials/Widget3DPassThrough_Translucent.uexp" 201
"../../../Engine/Content/EngineMaterials/Widget3DPassThrough_Translucent_OneSided.uasset" 202
"../../../Engine/Content/EngineMaterials/Widget3DPassThrough_Translucent_OneSided.uexp" 203
"../../../Engine/Content/EngineMaterials/Widget3DPassThrough_Opaque.uasset" 204
"../../../Engine/Content/EngineMaterials/Widget3DPassThrough_Opaque.uexp" 205
"../../../Engine/Content/EngineMaterials/Widget3DPassThrough_Opaque_OneSided.uasset" 206
"../../../Engine/Content/EngineMaterials/Widget3DPassThrough_Opaque_OneSided.uexp" 207
"../../../Engine/Content/EngineMaterials/Widget3DPassThrough_Masked_OneSided.uasset" 208
"../../../Engine/Content/EngineMaterials/Widget3DPassThrough_Masked_OneSided.uexp" 209
"../../../Engine/Content/EngineMaterials/Widget3DPassThrough_Masked.uasset" 210
"../../../Engine/Content/EngineMaterials/Widget3DPassThrough_Masked.uexp" 211
"../../../Engine/Content/EngineMaterials/STBlueNoise_vec2_128x128x64.uasset" 212
"../../../Engine/Content/EngineMaterials/STBlueNoise_vec2_128x128x64.uexp" 213
"../../../Engine/Content/EngineMaterials/STBlueNoise_scalar_128x128x64.uasset" 214
"../../../Engine/Content/EngineMaterials/STBlueNoise_scalar_128x128x64.uexp" 215
"../../../Engine/Content/EngineMaterials/RemoveSurfaceMaterial.uasset" 216
"../../../Engine/Content/EngineMaterials/RemoveSurfaceMaterial.uexp" 217
"../../../Engine/Content/EngineMaterials/DefaultCalibrationGrayscale.uasset" 218
"../../../Engine/Content/EngineMaterials/DefaultCalibrationGrayscale.uexp" 219
"../../../Engine/Content/EngineMaterials/PPM_DefaultCalibrationGrayscale.uasset" 220
"../../../Engine/Content/EngineMaterials/PPM_DefaultCalibrationGrayscale.uexp" 221
"../../../Engine/Content/EngineMaterials/DefaultCalibrationColor.uasset" 222
"../../../Engine/Content/EngineMaterials/DefaultCalibrationColor.uexp" 223
"../../../Engine/Content/EngineMaterials/PPM_DefaultCalibrationColor.uasset" 224
"../../../Engine/Content/EngineMaterials/PPM_DefaultCalibrationColor.uexp" 225
"../../../Engine/Content/Functions/Engine_MaterialFunctions02/WorldPositionOffset/CameraOffset.uasset" 226
"../../../Engine/Content/Functions/Engine_MaterialFunctions02/WorldPositionOffset/CameraOffset.uexp" 227
"../../../Engine/Content/EngineMaterials/PhAT_JointLimitMaterial.uasset" 228
"../../../Engine/Content/EngineMaterials/PhAT_JointLimitMaterial.uexp" 229
"../../../Engine/Content/EngineMaterials/InvalidLightmapSettings.ubulk" 230
"../../../Engine/Content/EngineMaterials/InvalidLightmapSettings.uasset" 231
"../../../Engine/Content/EngineMaterials/InvalidLightmapSettings.uexp" 232
"../../../Engine/Content/EngineMaterials/M_InvalidLightmapSettings.uasset" 233
"../../../Engine/Content/EngineMaterials/M_InvalidLightmapSettings.uexp" 234
"../../../Engine/Content/EngineMaterials/GizmoMaterial.uasset" 235
"../../../Engine/Content/EngineMaterials/GizmoMaterial.uexp" 236
"../../../Engine/Content/EngineMaterials/BaseFlattenEmissiveMap_VT.uasset" 237
"../../../Engine/Content/EngineMaterials/BaseFlattenEmissiveMap_VT.uexp" 238
"../../../Engine/Content/EngineMaterials/BaseFlattenGrayscaleMap_VT.uasset" 239
"../../../Engine/Content/EngineMaterials/BaseFlattenGrayscaleMap_VT.uexp" 240
"../../../Engine/Content/EngineMaterials/BaseFlattenLinearColor_VT.uasset" 241
"../../../Engine/Content/EngineMaterials/BaseFlattenLinearColor_VT.uexp" 242
"../../../Engine/Content/EngineMaterials/Black_1x1_EXR_Texture_VT.uasset" 243
"../../../Engine/Content/EngineMaterials/Black_1x1_EXR_Texture_VT.uexp" 244
"../../../Engine/Content/EngineMaterials/BaseFlattenDiffuseMap_VT.uasset" 245
"../../../Engine/Content/EngineMaterials/BaseFlattenDiffuseMap_VT.uexp" 246
"../../../Engine/Content/EngineMaterials/BaseFlattenNormalMap_VT.uasset" 247
"../../../Engine/Content/EngineMaterials/BaseFlattenNormalMap_VT.uexp" 248
"../../../Engine/Content/EngineMaterials/FlattenMaterial_WS_Normal_VT.uasset" 249
"../../../Engine/Content/EngineMaterials/FlattenMaterial_WS_Normal_VT.uexp" 250
"../../../Engine/Content/EngineMaterials/FlattenMaterial_VT.uasset" 251
"../../../Engine/Content/EngineMaterials/FlattenMaterial_VT.uexp" 252
"../../../Engine/Content/EngineMaterials/BaseFlattenNormalMap.uasset" 253
"../../../Engine/Content/EngineMaterials/BaseFlattenNormalMap.uexp" 254
"../../../Engine/Content/EngineMaterials/BaseFlattenGrayscaleMap.uasset" 255
"../../../Engine/Content/EngineMaterials/BaseFlattenGrayscaleMap.uexp" 256
"../../../Engine/Content/EngineMaterials/BaseFlattenDiffuseMap.uasset" 257
"../../../Engine/Content/EngineMaterials/BaseFlattenDiffuseMap.uexp" 258
"../../../Engine/Content/Functions/Engine_MaterialFunctions02/PivotPainter2/Black_1x1_EXR_Texture.uasset" 259
"../../../Engine/Content/Functions/Engine_MaterialFunctions02/PivotPainter2/Black_1x1_EXR_Texture.uexp" 260
"../../../Engine/Content/EngineMaterials/BaseFlattenEmissiveMap.uasset" 261
"../../../Engine/Content/EngineMaterials/BaseFlattenEmissiveMap.uexp" 262
"../../../Engine/Content/EngineMaterials/BaseFlattenLinearColor.uasset" 263
"../../../Engine/Content/EngineMaterials/BaseFlattenLinearColor.uexp" 264
"../../../Engine/Content/EngineMaterials/FlattenMaterial.uasset" 265
"../../../Engine/Content/EngineMaterials/FlattenMaterial.uexp" 266
"../../../Engine/Content/EngineMaterials/DefaultWhiteGrid_Low.uasset" 267
"../../../Engine/Content/EngineMaterials/DefaultWhiteGrid_Low.uexp" 268
"../../../Engine/Content/EngineMaterials/EmissiveMeshMaterial.uasset" 269
"../../../Engine/Content/EngineMaterials/EmissiveMeshMaterial.uexp" 270
"../../../Engine/Content/EngineFonts/RobotoDistanceField.uasset" 271
"../../../Engine/Content/EngineFonts/RobotoDistanceField.uexp" 272
"../../../Engine/Content/EngineMaterials/DefaultTextMaterialOpaque.uasset" 273
"../../../Engine/Content/EngineMaterials/DefaultTextMaterialOpaque.uexp" 274
"../../../Engine/Content/EngineMaterials/DefaultDiffuse.ubulk" 275
"../../../Engine/Content/EngineMaterials/DefaultDiffuse.uasset" 276
"../../../Engine/Content/EngineMaterials/DefaultDiffuse.uexp" 277
"../../../Engine/Content/Functions/Engine_MaterialFunctions02/Utility/BreakOutFloat2Components.uasset" 278
"../../../Engine/Content/Functions/Engine_MaterialFunctions02/Utility/BreakOutFloat2Components.uexp" 279
"../../../Engine/Content/EngineMaterials/DefaultPostProcessMaterial.uasset" 280
"../../../Engine/Content/EngineMaterials/DefaultPostProcessMaterial.uexp" 281
"../../../Engine/Content/EngineMaterials/DefaultPhysicalMaterial.uasset" 282
"../../../Engine/Content/EngineMaterials/DefaultPhysicalMaterial.uexp" 283
"../../../Engine/Content/EngineMaterials/DefaultLightFunctionMaterial.uasset" 284
"../../../Engine/Content/EngineMaterials/DefaultLightFunctionMaterial.uexp" 285
"../../../Engine/Content/EngineMaterials/DefaultDestructiblePhysicalMaterial.uasset" 286
"../../../Engine/Content/EngineMaterials/DefaultDestructiblePhysicalMaterial.uexp" 287
"../../../Engine/Content/EngineMaterials/DefaultDeferredDecalMaterial.uasset" 288
"../../../Engine/Content/EngineMaterials/DefaultDeferredDecalMaterial.uexp" 289
"../../../Engine/Content/EngineMaterials/DefaultBloomKernel.uasset" 290
"../../../Engine/Content/EngineMaterials/DefaultBloomKernel.uexp" 291
"../../../Engine/Content/EngineResources/FilmGrains/Marcie_Grain_v3_128_M2_000.uasset" 292
"../../../Engine/Content/EngineResources/FilmGrains/Marcie_Grain_v3_128_M2_000.uexp" 293
"../../../Engine/Content/EngineSky/VolumetricClouds/CloudWeatherTexture.uasset" 294
"../../../Engine/Content/EngineSky/VolumetricClouds/CloudWeatherTexture.uexp" 295
"../../../Engine/Content/Functions/Engine_MaterialFunctions02/Utility/MakeFloat2.uasset" 296
"../../../Engine/Content/Functions/Engine_MaterialFunctions02/Utility/MakeFloat2.uexp" 297
"../../../Engine/Content/EngineSky/VolumetricClouds/CloudGradientTexture.uasset" 298
"../../../Engine/Content/EngineSky/VolumetricClouds/CloudGradientTexture.uexp" 299
"../../../Engine/Content/EngineSky/VolumetricClouds/T_NoiseShape64.ubulk" 300
"../../../Engine/Content/EngineSky/VolumetricClouds/T_NoiseShape64.uasset" 301
"../../../Engine/Content/EngineSky/VolumetricClouds/T_NoiseShape64.uexp" 302
"../../../Engine/Content/EngineSky/VolumetricClouds/T_VolumeNoiseShape64.uasset" 303
"../../../Engine/Content/EngineSky/VolumetricClouds/T_VolumeNoiseShape64.uexp" 304
"../../../Engine/Content/EngineSky/VolumetricClouds/T_NoiseErosion.ubulk" 305
"../../../Engine/Content/EngineSky/VolumetricClouds/T_NoiseErosion.uasset" 306
"../../../Engine/Content/EngineSky/VolumetricClouds/T_NoiseErosion.uexp" 307
"../../../Engine/Content/EngineSky/VolumetricClouds/T_VolumeNoiseErosion32.uasset" 308
"../../../Engine/Content/EngineSky/VolumetricClouds/T_VolumeNoiseErosion32.uexp" 309
"../../../Engine/Content/EngineSky/VolumetricClouds/m_SimpleVolumetricCloud.uasset" 310
"../../../Engine/Content/EngineSky/VolumetricClouds/m_SimpleVolumetricCloud.uexp" 311
"../../../Engine/Content/EngineSky/VolumetricClouds/m_SimpleVolumetricCloud_Inst.uasset" 312
"../../../Engine/Content/EngineSky/VolumetricClouds/m_SimpleVolumetricCloud_Inst.uexp" 313
"../../../Engine/Content/EngineSounds/Master.uasset" 314
"../../../Engine/Content/EngineSounds/Master.uexp" 315
"../../../Engine/Content/Functions/Engine_MaterialFunctions01/Shading/PowerToRoughness.uasset" 316
"../../../Engine/Content/Functions/Engine_MaterialFunctions01/Shading/PowerToRoughness.uexp" 317
"../../../Engine/Content/MobileResources/HUD/VirtualJoystick_Background.uasset" 318
"../../../Engine/Content/MobileResources/HUD/VirtualJoystick_Background.uexp" 319
"../../../Engine/Content/MobileResources/HUD/VirtualJoystick_Thumb.uasset" 320
"../../../Engine/Content/MobileResources/HUD/VirtualJoystick_Thumb.uexp" 321
"../../../Engine/Content/MobileResources/HUD/DefaultVirtualJoysticks.uasset" 322
"../../../Engine/Content/MobileResources/HUD/DefaultVirtualJoysticks.uexp" 323
"../../../Engine/Plugins/2D/Paper2D/Content/PlaceholderTextures/DummySpriteTexture.ubulk" 324
"../../../Engine/Plugins/2D/Paper2D/Content/PlaceholderTextures/DummySpriteTexture.uasset" 325
"../../../Engine/Plugins/2D/Paper2D/Content/PlaceholderTextures/DummySpriteTexture.uexp" 326
"../../../Engine/Plugins/2D/Paper2D/Content/DefaultSpriteMaterial.uasset" 327
"../../../Engine/Plugins/2D/Paper2D/Content/DefaultSpriteMaterial.uexp" 328
"../../../Engine/Plugins/2D/Paper2D/Content/OpaqueUnlitSpriteMaterial.uasset" 329
"../../../Engine/Plugins/2D/Paper2D/Content/OpaqueUnlitSpriteMaterial.uexp" 330
"../../../Engine/Plugins/2D/Paper2D/Content/MaskedUnlitSpriteMaterial.uasset" 331
"../../../Engine/Plugins/2D/Paper2D/Content/MaskedUnlitSpriteMaterial.uexp" 332
"../../../Engine/Plugins/2D/Paper2D/Content/DummySprite.uasset" 333
"../../../Engine/Plugins/2D/Paper2D/Content/DummySprite.uexp" 334
"../../../Engine/Plugins/2D/Paper2D/Content/DefaultPaperTerrainMaterial.uasset" 335
"../../../Engine/Plugins/2D/Paper2D/Content/DefaultPaperTerrainMaterial.uexp" 336
"../../../Engine/Plugins/Animation/ControlRig/Content/M_Manip.uasset" 337
"../../../Engine/Plugins/Animation/ControlRig/Content/M_Manip.uexp" 338
"../../../Engine/Plugins/Animation/ControlRig/Content/Controls/DefaultGizmoLibraryNormalized.uasset" 339
"../../../Engine/Plugins/Animation/ControlRig/Content/Controls/DefaultGizmoLibraryNormalized.uexp" 340
"../../../Engine/Plugins/Animation/ControlRig/Content/Controls/ControlRig_Wedge_solid.ubulk" 341
"../../../Engine/Plugins/Animation/ControlRig/Content/Controls/ControlRig_Wedge_solid.uasset" 342
"../../../Engine/Plugins/Animation/ControlRig/Content/Controls/ControlRig_Wedge_solid.uexp" 343
"../../../Engine/Plugins/Animation/ControlRig/Content/Controls/ControlRig_Wedge_3mm.ubulk" 344
"../../../Engine/Plugins/Animation/ControlRig/Content/Controls/ControlRig_Wedge_3mm.uasset" 345
"../../../Engine/Plugins/Animation/ControlRig/Content/Controls/ControlRig_Wedge_3mm.uexp" 346
"../../../Engine/Plugins/Animation/ControlRig/Content/Controls/ControlRig_Wedge_1mm.ubulk" 347
"../../../Engine/Plugins/Animation/ControlRig/Content/Controls/ControlRig_Wedge_1mm.uasset" 348
"../../../Engine/Plugins/Animation/ControlRig/Content/Controls/ControlRig_Wedge_1mm.uexp" 349
"../../../Engine/Plugins/Animation/ControlRig/Content/Controls/ControlRig_Triangle_solid.ubulk" 350
"../../../Engine/Plugins/Animation/ControlRig/Content/Controls/ControlRig_Triangle_solid.uasset" 351
"../../../Engine/Plugins/Animation/ControlRig/Content/Controls/ControlRig_Triangle_solid.uexp" 352
"../../../Engine/Plugins/Animation/ControlRig/Content/Controls/ControlRig_Triangle_3mm.ubulk" 353
"../../../Engine/Plugins/Animation/ControlRig/Content/Controls/ControlRig_Triangle_3mm.uasset" 354
"../../../Engine/Plugins/Animation/ControlRig/Content/Controls/ControlRig_Triangle_3mm.uexp" 355
"../../../Engine/Plugins/Animation/ControlRig/Content/Controls/ControlRig_Triangle_1mm.ubulk" 356
"../../../Engine/Plugins/Animation/ControlRig/Content/Controls/ControlRig_Triangle_1mm.uasset" 357
"../../../Engine/Plugins/Animation/ControlRig/Content/Controls/ControlRig_Triangle_1mm.uexp" 358
"../../../Engine/Plugins/Animation/ControlRig/Content/Controls/ControlRig_Star4_solid.ubulk" 359
"../../../Engine/Plugins/Animation/ControlRig/Content/Controls/ControlRig_Star4_solid.uasset" 360
"../../../Engine/Plugins/Animation/ControlRig/Content/Controls/ControlRig_Star4_solid.uexp" 361
"../../../Engine/Plugins/Animation/ControlRig/Content/Controls/ControlRig_Star4_3mm.ubulk" 362
"../../../Engine/Plugins/Animation/ControlRig/Content/Controls/ControlRig_Star4_3mm.uasset" 363
"../../../Engine/Plugins/Animation/ControlRig/Content/Controls/ControlRig_Star4_3mm.uexp" 364
"../../../Engine/Plugins/Animation/ControlRig/Content/Controls/ControlRig_Star4_1mm.ubulk" 365
"../../../Engine/Plugins/Animation/ControlRig/Content/Controls/ControlRig_Star4_1mm.uasset" 366
"../../../Engine/Plugins/Animation/ControlRig/Content/Controls/ControlRig_Star4_1mm.uexp" 367
"../../../Engine/Plugins/Animation/ControlRig/Content/Controls/ControlRig_Square_solid.ubulk" 368
"../../../Engine/Plugins/Animation/ControlRig/Content/Controls/ControlRig_Square_solid.uasset" 369
"../../../Engine/Plugins/Animation/ControlRig/Content/Controls/ControlRig_Square_solid.uexp" 370
"../../../Engine/Plugins/Animation/ControlRig/Content/Controls/ControlRig_Square_3mm.ubulk" 371
"../../../Engine/Plugins/Animation/ControlRig/Content/Controls/ControlRig_Square_3mm.uasset" 372
"../../../Engine/Plugins/Animation/ControlRig/Content/Controls/ControlRig_Square_3mm.uexp" 373
"../../../Engine/Plugins/Animation/ControlRig/Content/Controls/ControlRig_Square_1mm.ubulk" 374
"../../../Engine/Plugins/Animation/ControlRig/Content/Controls/ControlRig_Square_1mm.uasset" 375
"../../../Engine/Plugins/Animation/ControlRig/Content/Controls/ControlRig_Square_1mm.uexp" 376
"../../../Engine/Plugins/Animation/ControlRig/Content/Controls/ControlRig_Sphere_solid.ubulk" 377
"../../../Engine/Plugins/Animation/ControlRig/Content/Controls/ControlRig_Sphere_solid.uasset" 378
"../../../Engine/Plugins/Animation/ControlRig/Content/Controls/ControlRig_Sphere_solid.uexp" 379
"../../../Engine/Plugins/Animation/ControlRig/Content/Controls/ControlRig_Sphere_3mm.ubulk" 380
"../../../Engine/Plugins/Animation/ControlRig/Content/Controls/ControlRig_Sphere_3mm.uasset" 381
"../../../Engine/Plugins/Animation/ControlRig/Content/Controls/ControlRig_Sphere_3mm.uexp" 382
"../../../Engine/Plugins/Animation/ControlRig/Content/Controls/ControlRig_Sphere_1mm.ubulk" 383
"../../../Engine/Plugins/Animation/ControlRig/Content/Controls/ControlRig_Sphere_1mm.uasset" 384
"../../../Engine/Plugins/Animation/ControlRig/Content/Controls/ControlRig_Sphere_1mm.uexp" 385
"../../../Engine/Plugins/Animation/ControlRig/Content/Controls/ControlRig_RoundedTriangle_solid.ubulk" 386
"../../../Engine/Plugins/Animation/ControlRig/Content/Controls/ControlRig_RoundedTriangle_solid.uasset" 387
"../../../Engine/Plugins/Animation/ControlRig/Content/Controls/ControlRig_RoundedTriangle_solid.uexp" 388
"../../../Engine/Plugins/Animation/ControlRig/Content/Controls/ControlRig_RoundedTriangle_3mm.ubulk" 389
"../../../Engine/Plugins/Animation/ControlRig/Content/Controls/ControlRig_RoundedTriangle_3mm.uasset" 390
"../../../Engine/Plugins/Animation/ControlRig/Content/Controls/ControlRig_RoundedTriangle_3mm.uexp" 391
"../../../Engine/Plugins/Animation/ControlRig/Content/Controls/ControlRig_RoundedTriangle_1mm.ubulk" 392
"../../../Engine/Plugins/Animation/ControlRig/Content/Controls/ControlRig_RoundedTriangle_1mm.uasset" 393
"../../../Engine/Plugins/Animation/ControlRig/Content/Controls/ControlRig_RoundedTriangle_1mm.uexp" 394
"../../../Engine/Plugins/Animation/ControlRig/Content/Controls/ControlRig_RoundedSquare_solid.ubulk" 395
"../../../Engine/Plugins/Animation/ControlRig/Content/Controls/ControlRig_RoundedSquare_solid.uasset" 396
"../../../Engine/Plugins/Animation/ControlRig/Content/Controls/ControlRig_RoundedSquare_solid.uexp" 397
"../../../Engine/Plugins/Animation/ControlRig/Content/Controls/ControlRig_RoundedSquare_3mm.ubulk" 398
"../../../Engine/Plugins/Animation/ControlRig/Content/Controls/ControlRig_RoundedSquare_3mm.uasset" 399
"../../../Engine/Plugins/Animation/ControlRig/Content/Controls/ControlRig_RoundedSquare_3mm.uexp" 400
"../../../Engine/Plugins/Animation/ControlRig/Content/Controls/ControlRig_RoundedSquare_1mm.ubulk" 401
"../../../Engine/Plugins/Animation/ControlRig/Content/Controls/ControlRig_RoundedSquare_1mm.uasset" 402
"../../../Engine/Plugins/Animation/ControlRig/Content/Controls/ControlRig_RoundedSquare_1mm.uexp" 403
"../../../Engine/Plugins/Animation/ControlRig/Content/Controls/ControlRig_QuarterCircle_solid.ubulk" 404
"../../../Engine/Plugins/Animation/ControlRig/Content/Controls/ControlRig_QuarterCircle_solid.uasset" 405
"../../../Engine/Plugins/Animation/ControlRig/Content/Controls/ControlRig_QuarterCircle_solid.uexp" 406
"../../../Engine/Plugins/Animation/ControlRig/Content/Controls/ControlRig_QuarterCircle_3mm.ubulk" 407
"../../../Engine/Plugins/Animation/ControlRig/Content/Controls/ControlRig_QuarterCircle_3mm.uasset" 408
"../../../Engine/Plugins/Animation/ControlRig/Content/Controls/ControlRig_QuarterCircle_3mm.uexp" 409
"../../../Engine/Plugins/Animation/ControlRig/Content/Controls/ControlRig_QuarterCircle_1mm.ubulk" 410
"../../../Engine/Plugins/Animation/ControlRig/Content/Controls/ControlRig_QuarterCircle_1mm.uasset" 411
"../../../Engine/Plugins/Animation/ControlRig/Content/Controls/ControlRig_QuarterCircle_1mm.uexp" 412
"../../../Engine/Plugins/Animation/ControlRig/Content/Controls/ControlRig_Pyramid_solid.ubulk" 413
"../../../Engine/Plugins/Animation/ControlRig/Content/Controls/ControlRig_Pyramid_solid.uasset" 414
"../../../Engine/Plugins/Animation/ControlRig/Content/Controls/ControlRig_Pyramid_solid.uexp" 415
"../../../Engine/Plugins/Animation/ControlRig/Content/Controls/ControlRig_Pyramid_3mm.ubulk" 416
"../../../Engine/Plugins/Animation/ControlRig/Content/Controls/ControlRig_Pyramid_3mm.uasset" 417
"../../../Engine/Plugins/Animation/ControlRig/Content/Controls/ControlRig_Pyramid_3mm.uexp" 418
"../../../Engine/Plugins/Animation/ControlRig/Content/Controls/ControlRig_Pyramid_1mm.ubulk" 419
"../../../Engine/Plugins/Animation/ControlRig/Content/Controls/ControlRig_Pyramid_1mm.uasset" 420
"../../../Engine/Plugins/Animation/ControlRig/Content/Controls/ControlRig_Pyramid_1mm.uexp" 421
"../../../Engine/Plugins/Animation/ControlRig/Content/Controls/ControlRig_Octagon_solid.ubulk" 422
"../../../Engine/Plugins/Animation/ControlRig/Content/Controls/ControlRig_Octagon_solid.uasset" 423
"../../../Engine/Plugins/Animation/ControlRig/Content/Controls/ControlRig_Octagon_solid.uexp" 424
"../../../Engine/Plugins/Animation/ControlRig/Content/Controls/ControlRig_Octagon_3mm.ubulk" 425
"../../../Engine/Plugins/Animation/ControlRig/Content/Controls/ControlRig_Octagon_3mm.uasset" 426
"../../../Engine/Plugins/Animation/ControlRig/Content/Controls/ControlRig_Octagon_3mm.uexp" 427
"../../../Engine/Plugins/Animation/ControlRig/Content/Controls/ControlRig_Octagon_1mm.ubulk" 428
"../../../Engine/Plugins/Animation/ControlRig/Content/Controls/ControlRig_Octagon_1mm.uasset" 429
"../../../Engine/Plugins/Animation/ControlRig/Content/Controls/ControlRig_Octagon_1mm.uexp" 430
"../../../Engine/Plugins/Animation/ControlRig/Content/Controls/ControlRig_Hexagon_solid.ubulk" 431
"../../../Engine/Plugins/Animation/ControlRig/Content/Controls/ControlRig_Hexagon_solid.uasset" 432
"../../../Engine/Plugins/Animation/ControlRig/Content/Controls/ControlRig_Hexagon_solid.uexp" 433
"../../../Engine/Plugins/Animation/ControlRig/Content/Controls/ControlRig_Hexagon_3mm.ubulk" 434
"../../../Engine/Plugins/Animation/ControlRig/Content/Controls/ControlRig_Hexagon_3mm.uasset" 435
"../../../Engine/Plugins/Animation/ControlRig/Content/Controls/ControlRig_Hexagon_3mm.uexp" 436
"../../../Engine/Plugins/Animation/ControlRig/Content/Controls/ControlRig_Hexagon_1mm.ubulk" 437
"../../../Engine/Plugins/Animation/ControlRig/Content/Controls/ControlRig_Hexagon_1mm.uasset" 438
"../../../Engine/Plugins/Animation/ControlRig/Content/Controls/ControlRig_Hexagon_1mm.uexp" 439
"../../../Engine/Plugins/Animation/ControlRig/Content/Controls/ControlRig_HalfCircle_solid.ubulk" 440
"../../../Engine/Plugins/Animation/ControlRig/Content/Controls/ControlRig_HalfCircle_solid.uasset" 441
"../../../Engine/Plugins/Animation/ControlRig/Content/Controls/ControlRig_HalfCircle_solid.uexp" 442
"../../../Engine/Plugins/Animation/ControlRig/Content/Controls/ControlRig_HalfCircle_3mm.ubulk" 443
"../../../Engine/Plugins/Animation/ControlRig/Content/Controls/ControlRig_HalfCircle_3mm.uasset" 444
"../../../Engine/Plugins/Animation/ControlRig/Content/Controls/ControlRig_HalfCircle_3mm.uexp" 445
"../../../Engine/Plugins/Animation/ControlRig/Content/Controls/ControlRig_HalfCircle_1mm.ubulk" 446
"../../../Engine/Plugins/Animation/ControlRig/Content/Controls/ControlRig_HalfCircle_1mm.uasset" 447
"../../../Engine/Plugins/Animation/ControlRig/Content/Controls/ControlRig_HalfCircle_1mm.uexp" 448
"../../../Engine/Plugins/Animation/ControlRig/Content/Controls/ControlRig_Diamond_solid.ubulk" 449
"../../../Engine/Plugins/Animation/ControlRig/Content/Controls/ControlRig_Diamond_solid.uasset" 450
"../../../Engine/Plugins/Animation/ControlRig/Content/Controls/ControlRig_Diamond_solid.uexp" 451
"../../../Engine/Plugins/Animation/ControlRig/Content/Controls/ControlRig_Diamond_3mm.ubulk" 452
"../../../Engine/Plugins/Animation/ControlRig/Content/Controls/ControlRig_Diamond_3mm.uasset" 453
"../../../Engine/Plugins/Animation/ControlRig/Content/Controls/ControlRig_Diamond_3mm.uexp" 454
"../../../Engine/Plugins/Animation/ControlRig/Content/Controls/ControlRig_Diamond_1mm.ubulk" 455
"../../../Engine/Plugins/Animation/ControlRig/Content/Controls/ControlRig_Diamond_1mm.uasset" 456
"../../../Engine/Plugins/Animation/ControlRig/Content/Controls/ControlRig_Diamond_1mm.uexp" 457
"../../../Engine/Plugins/Animation/ControlRig/Content/Controls/ControlRig_Circle_solid.ubulk" 458
"../../../Engine/Plugins/Animation/ControlRig/Content/Controls/ControlRig_Circle_solid.uasset" 459
"../../../Engine/Plugins/Animation/ControlRig/Content/Controls/ControlRig_Circle_solid.uexp" 460
"../../../Engine/Plugins/Animation/ControlRig/Content/Controls/ControlRig_Circle_3mm.ubulk" 461
"../../../Engine/Plugins/Animation/ControlRig/Content/Controls/ControlRig_Circle_3mm.uasset" 462
"../../../Engine/Plugins/Animation/ControlRig/Content/Controls/ControlRig_Circle_3mm.uexp" 463
"../../../Engine/Plugins/Animation/ControlRig/Content/Controls/ControlRig_Circle_1mm.ubulk" 464
"../../../Engine/Plugins/Animation/ControlRig/Content/Controls/ControlRig_Circle_1mm.uasset" 465
"../../../Engine/Plugins/Animation/ControlRig/Content/Controls/ControlRig_Circle_1mm.uexp" 466
"../../../Engine/Plugins/Animation/ControlRig/Content/Controls/ControlRig_Box_solid.ubulk" 467
"../../../Engine/Plugins/Animation/ControlRig/Content/Controls/ControlRig_Box_solid.uasset" 468
"../../../Engine/Plugins/Animation/ControlRig/Content/Controls/ControlRig_Box_solid.uexp" 469
"../../../Engine/Plugins/Animation/ControlRig/Content/Controls/ControlRig_Box_3mm.ubulk" 470
"../../../Engine/Plugins/Animation/ControlRig/Content/Controls/ControlRig_Box_3mm.uasset" 471
"../../../Engine/Plugins/Animation/ControlRig/Content/Controls/ControlRig_Box_3mm.uexp" 472
"../../../Engine/Plugins/Animation/ControlRig/Content/Controls/ControlRig_Box_1mm.ubulk" 473
"../../../Engine/Plugins/Animation/ControlRig/Content/Controls/ControlRig_Box_1mm.uasset" 474
"../../../Engine/Plugins/Animation/ControlRig/Content/Controls/ControlRig_Box_1mm.uexp" 475
"../../../Engine/Plugins/Animation/ControlRig/Content/Controls/ControlRig_Arrow_solid.ubulk" 476
"../../../Engine/Plugins/Animation/ControlRig/Content/Controls/ControlRig_Arrow_solid.uasset" 477
"../../../Engine/Plugins/Animation/ControlRig/Content/Controls/ControlRig_Arrow_solid.uexp" 478
"../../../Engine/Plugins/Animation/ControlRig/Content/Controls/ControlRig_Arrow_3mm.ubulk" 479
"../../../Engine/Plugins/Animation/ControlRig/Content/Controls/ControlRig_Arrow_3mm.uasset" 480
"../../../Engine/Plugins/Animation/ControlRig/Content/Controls/ControlRig_Arrow_3mm.uexp" 481
"../../../Engine/Plugins/Animation/ControlRig/Content/Controls/ControlRig_Arrow_1mm.ubulk" 482
"../../../Engine/Plugins/Animation/ControlRig/Content/Controls/ControlRig_Arrow_1mm.uasset" 483
"../../../Engine/Plugins/Animation/ControlRig/Content/Controls/ControlRig_Arrow_1mm.uexp" 484
"../../../Engine/Plugins/Animation/ControlRig/Content/Controls/ControlRig_Arrow4_solid.ubulk" 485
"../../../Engine/Plugins/Animation/ControlRig/Content/Controls/ControlRig_Arrow4_solid.uasset" 486
"../../../Engine/Plugins/Animation/ControlRig/Content/Controls/ControlRig_Arrow4_solid.uexp" 487
"../../../Engine/Plugins/Animation/ControlRig/Content/Controls/ControlRig_Arrow4_3mm.ubulk" 488
"../../../Engine/Plugins/Animation/ControlRig/Content/Controls/ControlRig_Arrow4_3mm.uasset" 489
"../../../Engine/Plugins/Animation/ControlRig/Content/Controls/ControlRig_Arrow4_3mm.uexp" 490
"../../../Engine/Plugins/Animation/ControlRig/Content/Controls/ControlRig_Arrow4_1mm.ubulk" 491
"../../../Engine/Plugins/Animation/ControlRig/Content/Controls/ControlRig_Arrow4_1mm.uasset" 492
"../../../Engine/Plugins/Animation/ControlRig/Content/Controls/ControlRig_Arrow4_1mm.uexp" 493
"../../../Engine/Plugins/Animation/ControlRig/Content/Controls/ControlRig_Arrow2_solid.ubulk" 494
"../../../Engine/Plugins/Animation/ControlRig/Content/Controls/ControlRig_Arrow2_solid.uasset" 495
"../../../Engine/Plugins/Animation/ControlRig/Content/Controls/ControlRig_Arrow2_solid.uexp" 496
"../../../Engine/Plugins/Animation/ControlRig/Content/Controls/ControlRig_Arrow2_3mm.ubulk" 497
"../../../Engine/Plugins/Animation/ControlRig/Content/Controls/ControlRig_Arrow2_3mm.uasset" 498
"../../../Engine/Plugins/Animation/ControlRig/Content/Controls/ControlRig_Arrow2_3mm.uexp" 499
"../../../Engine/Plugins/Animation/ControlRig/Content/Controls/ControlRig_Arrow2_1mm.ubulk" 500
"../../../Engine/Plugins/Animation/ControlRig/Content/Controls/ControlRig_Arrow2_1mm.uasset" 501
"../../../Engine/Plugins/Animation/ControlRig/Content/Controls/ControlRig_Arrow2_1mm.uexp" 502
"../../../Engine/Plugins/Animation/ControlRig/Content/Controls/ControlRigXRayMaterial.uasset" 503
"../../../Engine/Plugins/Animation/ControlRig/Content/Controls/ControlRigXRayMaterial.uexp" 504
"../../../Engine/Plugins/Animation/ControlRig/Content/Controls/ControlRigGizmoMaterial.uasset" 505
"../../../Engine/Plugins/Animation/ControlRig/Content/Controls/ControlRigGizmoMaterial.uexp" 506
"../../../Engine/Plugins/Editor/SpeedTreeImporter/Content/SpeedTree9/game_wind_noise.ubulk" 507
"../../../Engine/Plugins/Editor/SpeedTreeImporter/Content/SpeedTree9/game_wind_noise.uasset" 508
"../../../Engine/Plugins/Editor/SpeedTreeImporter/Content/SpeedTree9/game_wind_noise.uexp" 509
"../../../Engine/Plugins/Editor/SpeedTreeImporter/Content/SpeedTree9/UnpackDirection.uasset" 510
"../../../Engine/Plugins/Editor/SpeedTreeImporter/Content/SpeedTree9/UnpackDirection.uexp" 511
"../../../Engine/Content/Functions/Engine_MaterialFunctions02/ObjectLocalBounds.uasset" 512
"../../../Engine/Content/Functions/Engine_MaterialFunctions02/ObjectLocalBounds.uexp" 513
"../../../Engine/Content/Functions/Engine_MaterialFunctions02/UVs/BoundingBoxBased_0-1_UVW.uasset" 514
"../../../Engine/Content/Functions/Engine_MaterialFunctions02/UVs/BoundingBoxBased_0-1_UVW.uexp" 515
"../../../Engine/Content/Functions/Engine_MaterialFunctions02/Utility/VectorLength.uasset" 516
"../../../Engine/Content/Functions/Engine_MaterialFunctions02/Utility/VectorLength.uexp" 517
"../../../Engine/Plugins/Editor/SpeedTreeImporter/Content/SpeedTree9/UnpackInteger3.uasset" 518
"../../../Engine/Plugins/Editor/SpeedTreeImporter/Content/SpeedTree9/UnpackInteger3.uexp" 519
"../../../Engine/Plugins/Editor/SpeedTreeImporter/Content/SpeedTree9/SpeedTreeCameraFacing.uasset" 520
"../../../Engine/Plugins/Editor/SpeedTreeImporter/Content/SpeedTree9/SpeedTreeCameraFacing.uexp" 521
"../../../Engine/Content/Functions/Engine_MaterialFunctions02/WorldPositionOffset/ObjectScale.uasset" 522
"../../../Engine/Content/Functions/Engine_MaterialFunctions02/WorldPositionOffset/ObjectScale.uexp" 523
"../../../Engine/Content/Functions/Engine_MaterialFunctions02/SafeNormalize.uasset" 524
"../../../Engine/Content/Functions/Engine_MaterialFunctions02/SafeNormalize.uexp" 525
"../../../Engine/Plugins/Editor/SpeedTreeImporter/Content/SpeedTree9/SpeedTreeWindMotion.uasset" 526
"../../../Engine/Plugins/Editor/SpeedTreeImporter/Content/SpeedTree9/SpeedTreeWindMotion.uexp" 527
"../../../Engine/Plugins/Editor/SpeedTreeImporter/Content/SpeedTree9/SpeedTreeBranchMotion.uasset" 528
"../../../Engine/Plugins/Editor/SpeedTreeImporter/Content/SpeedTree9/SpeedTreeBranchMotion.uexp" 529
"../../../Engine/Plugins/Editor/SpeedTreeImporter/Content/SpeedTree9/SpeedTreeWind.uasset" 530
"../../../Engine/Plugins/Editor/SpeedTreeImporter/Content/SpeedTree9/SpeedTreeWind.uexp" 531
"../../../Engine/Plugins/Editor/SpeedTreeImporter/Content/SpeedTree9/EmptyNormal.uasset" 532
"../../../Engine/Plugins/Editor/SpeedTreeImporter/Content/SpeedTree9/EmptyNormal.uexp" 533
"../../../Engine/Plugins/Editor/SpeedTreeImporter/Content/SpeedTree9/Empty.uasset" 534
"../../../Engine/Plugins/Editor/SpeedTreeImporter/Content/SpeedTree9/Empty.uexp" 535
"../../../Engine/Plugins/Editor/SpeedTreeImporter/Content/SpeedTree9/SpeedTreeMaster.uasset" 536
"../../../Engine/Plugins/Editor/SpeedTreeImporter/Content/SpeedTree9/SpeedTreeMaster.uexp" 537
"../../../Engine/Plugins/Editor/SpeedTreeImporter/Content/SpeedTree9/SpeedTreeBillboard.uasset" 538
"../../../Engine/Plugins/Editor/SpeedTreeImporter/Content/SpeedTree9/SpeedTreeBillboard.uexp" 539
"../../../Engine/Plugins/Editor/SpeedTreeImporter/Content/SpeedTree9/SpeedTreeBillboardMaster.uasset" 540
"../../../Engine/Plugins/Editor/SpeedTreeImporter/Content/SpeedTree9/SpeedTreeBillboardMaster.uexp" 541
"../../../Engine/Plugins/Experimental/CommonUI/Content/DefaultMediaTexture.uasset" 542
"../../../Engine/Plugins/Experimental/CommonUI/Content/DefaultMediaTexture.uexp" 543
"../../../Engine/Plugins/Experimental/CommonUI/Content/VideoPlayerMaterial.uasset" 544
"../../../Engine/Plugins/Experimental/CommonUI/Content/VideoPlayerMaterial.uexp" 545
"../../../Engine/Content/Functions/Engine_MaterialFunctions02/Texturing/CustomRotator.uasset" 546
"../../../Engine/Content/Functions/Engine_MaterialFunctions02/Texturing/CustomRotator.uexp" 547
"../../../Engine/Content/Functions/Engine_MaterialFunctions02/Texturing/ScreenAlignedPixelToPixelUVs.uasset" 548
"../../../Engine/Content/Functions/Engine_MaterialFunctions02/Texturing/ScreenAlignedPixelToPixelUVs.uexp" 549
"../../../Engine/Plugins/Interchange/Runtime/Content/Utilities/T_Bayer64_Grayscale_64px.uasset" 550
"../../../Engine/Plugins/Interchange/Runtime/Content/Utilities/T_Bayer64_Grayscale_64px.uexp" 551
"../../../Engine/Plugins/Interchange/Runtime/Content/gltf/MaterialFunctions/MF_Temporal_Blur.uasset" 552
"../../../Engine/Plugins/Interchange/Runtime/Content/gltf/MaterialFunctions/MF_Temporal_Blur.uexp" 553
"../../../Engine/Plugins/Interchange/Runtime/Content/gltf/MaterialFunctions/MF_Fresnel_DS.uasset" 554
"../../../Engine/Plugins/Interchange/Runtime/Content/gltf/MaterialFunctions/MF_Fresnel_DS.uexp" 555
"../../../Engine/Plugins/Interchange/Runtime/Content/Functions/MX_Transmission.uasset" 556
"../../../Engine/Plugins/Interchange/Runtime/Content/Functions/MX_Transmission.uexp" 557
"../../../Engine/Plugins/Interchange/Runtime/Content/Functions/MF_OrenNayerView.uasset" 558
"../../../Engine/Plugins/Interchange/Runtime/Content/Functions/MF_OrenNayerView.uexp" 559
"../../../Engine/Plugins/Interchange/Runtime/Content/Functions/MF_SchlickApprox.uasset" 560
"../../../Engine/Plugins/Interchange/Runtime/Content/Functions/MF_SchlickApprox.uexp" 561
"../../../Engine/Plugins/Interchange/Runtime/Content/Utilities/New_LUT.uasset" 562
"../../../Engine/Plugins/Interchange/Runtime/Content/Utilities/New_LUT.uexp" 563
"../../../Engine/Content/Functions/Engine_MaterialFunctions03/Math/RemapValueRange.uasset" 564
"../../../Engine/Content/Functions/Engine_MaterialFunctions03/Math/RemapValueRange.uexp" 565
"../../../Engine/Plugins/Interchange/Runtime/Content/Functions/MF_Iridescence.uasset" 566
"../../../Engine/Plugins/Interchange/Runtime/Content/Functions/MF_Iridescence.uexp" 567
"../../../Engine/Plugins/Interchange/Runtime/Content/Functions/MX_StandardSurface.uasset" 568
"../../../Engine/Plugins/Interchange/Runtime/Content/Functions/MX_StandardSurface.uexp" 569
"../../../Engine/Plugins/Interchange/Runtime/Content/Functions/MX_TransmissionSurface.uasset" 570
"../../../Engine/Plugins/Interchange/Runtime/Content/Functions/MX_TransmissionSurface.uexp" 571
"../../../Engine/Content/Functions/Engine_MaterialFunctions02/Math/AddComponents.uasset" 572
"../../../Engine/Content/Functions/Engine_MaterialFunctions02/Math/AddComponents.uexp" 573
"../../../Engine/Content/Functions/Engine_MaterialFunctions02/WorldPositionOffset/V2/ObjectScale.uasset" 574
"../../../Engine/Content/Functions/Engine_MaterialFunctions02/WorldPositionOffset/V2/ObjectScale.uexp" 575
"../../../Engine/Plugins/Interchange/Runtime/Content/gltf/MaterialFunctions/MF_TransmissionOpacity.uasset" 576
"../../../Engine/Plugins/Interchange/Runtime/Content/gltf/MaterialFunctions/MF_TransmissionOpacity.uexp" 577
"../../../Engine/Plugins/Interchange/Runtime/Content/gltf/MaterialFunctions/MF_RotateV2.uasset" 578
"../../../Engine/Plugins/Interchange/Runtime/Content/gltf/MaterialFunctions/MF_RotateV2.uexp" 579
"../../../Engine/Plugins/Interchange/Runtime/Content/gltf/MaterialFunctions/MF_TransformUVs.uasset" 580
"../../../Engine/Plugins/Interchange/Runtime/Content/gltf/MaterialFunctions/MF_TransformUVs.uexp" 581
"../../../Engine/Plugins/Interchange/Runtime/Content/gltf/Textures/T_White_srgb.uasset" 582
"../../../Engine/Plugins/Interchange/Runtime/Content/gltf/Textures/T_White_srgb.uexp" 583
"../../../Engine/Plugins/Interchange/Runtime/Content/gltf/MaterialFunctions/MF_BaseColor.uasset" 584
"../../../Engine/Plugins/Interchange/Runtime/Content/gltf/MaterialFunctions/MF_BaseColor.uexp" 585
"../../../Engine/Plugins/Interchange/Runtime/Content/gltf/MaterialFunctions/MF_DiffuseSpecGloss.uasset" 586
"../../../Engine/Plugins/Interchange/Runtime/Content/gltf/MaterialFunctions/MF_DiffuseSpecGloss.uexp" 587
"../../../Engine/Plugins/Interchange/Runtime/Content/gltf/Textures/T_White_Linear.uasset" 588
"../../../Engine/Plugins/Interchange/Runtime/Content/gltf/Textures/T_White_Linear.uexp" 589
"../../../Engine/Plugins/Interchange/Runtime/Content/gltf/MaterialFunctions/MF_MetallicRoughness.uasset" 590
"../../../Engine/Plugins/Interchange/Runtime/Content/gltf/MaterialFunctions/MF_MetallicRoughness.uexp" 591
"../../../Engine/Plugins/Interchange/Runtime/Content/gltf/MaterialFunctions/MF_Transmission.uasset" 592
"../../../Engine/Plugins/Interchange/Runtime/Content/gltf/MaterialFunctions/MF_Transmission.uexp" 593
"../../../Engine/Plugins/Interchange/Runtime/Content/gltf/MaterialFunctions/MF_Occlusion.uasset" 594
"../../../Engine/Plugins/Interchange/Runtime/Content/gltf/MaterialFunctions/MF_Occlusion.uexp" 595
"../../../Engine/Plugins/Interchange/Runtime/Content/gltf/MaterialFunctions/MF_Specular.uasset" 596
"../../../Engine/Plugins/Interchange/Runtime/Content/gltf/MaterialFunctions/MF_Specular.uexp" 597
"../../../Engine/Plugins/Interchange/Runtime/Content/gltf/MaterialFunctions/MF_IOR.uasset" 598
"../../../Engine/Plugins/Interchange/Runtime/Content/gltf/MaterialFunctions/MF_IOR.uexp" 599
"../../../Engine/Content/Functions/Engine_MaterialFunctions01/Texturing/FlattenNormal.uasset" 600
"../../../Engine/Content/Functions/Engine_MaterialFunctions01/Texturing/FlattenNormal.uexp" 601
"../../../Engine/Content/Functions/Engine_MaterialFunctions02/Math/Transform3x3Matrix.uasset" 602
"../../../Engine/Content/Functions/Engine_MaterialFunctions02/Math/Transform3x3Matrix.uexp" 603
"../../../Engine/Plugins/Interchange/Runtime/Content/gltf/MaterialFunctions/MF_RotateNormals_TS.uasset" 604
"../../../Engine/Plugins/Interchange/Runtime/Content/gltf/MaterialFunctions/MF_RotateNormals_TS.uexp" 605
"../../../Engine/Plugins/Interchange/Runtime/Content/gltf/Textures/T_Generic_N.uasset" 606
"../../../Engine/Plugins/Interchange/Runtime/Content/gltf/Textures/T_Generic_N.uexp" 607
"../../../Engine/Plugins/Interchange/Runtime/Content/gltf/MaterialFunctions/MF_Normals.uasset" 608
"../../../Engine/Plugins/Interchange/Runtime/Content/gltf/MaterialFunctions/MF_Normals.uexp" 609
"../../../Engine/Plugins/Interchange/Runtime/Content/gltf/MaterialFunctions/MF_PerceivedBrightness.uasset" 610
"../../../Engine/Plugins/Interchange/Runtime/Content/gltf/MaterialFunctions/MF_PerceivedBrightness.uexp" 611
"../../../Engine/Plugins/Interchange/Runtime/Content/gltf/MaterialFunctions/MF_SpecGlossToMetalRoughness.uasset" 612
"../../../Engine/Plugins/Interchange/Runtime/Content/gltf/MaterialFunctions/MF_SpecGlossToMetalRoughness.uexp" 613
"../../../Engine/Plugins/Interchange/Runtime/Content/gltf/M_Transmission.uasset" 614
"../../../Engine/Plugins/Interchange/Runtime/Content/gltf/M_Transmission.uexp" 615
"../../../Engine/Plugins/Interchange/Runtime/Content/gltf/MaterialInstances_MR/MI_Transmission_TS.uasset" 616
"../../../Engine/Plugins/Interchange/Runtime/Content/gltf/MaterialInstances_MR/MI_Transmission_TS.uexp" 617
"../../../Engine/Plugins/Interchange/Runtime/Content/gltf/MaterialInstances_MR/MI_Transmission.uasset" 618
"../../../Engine/Plugins/Interchange/Runtime/Content/gltf/MaterialInstances_MR/MI_Transmission.uexp" 619
"../../../Engine/Plugins/Interchange/Runtime/Content/gltf/MaterialFunctions/MF_Clearcoat.uasset" 620
"../../../Engine/Plugins/Interchange/Runtime/Content/gltf/MaterialFunctions/MF_Clearcoat.uexp" 621
"../../../Engine/Plugins/Interchange/Runtime/Content/gltf/MaterialFunctions/MF_Emissive.uasset" 622
"../../../Engine/Plugins/Interchange/Runtime/Content/gltf/MaterialFunctions/MF_Emissive.uexp" 623
"../../../Engine/Plugins/Interchange/Runtime/Content/gltf/M_Translucent.uasset" 624
"../../../Engine/Plugins/Interchange/Runtime/Content/gltf/M_Translucent.uexp" 625
"../../../Engine/Plugins/Interchange/Runtime/Content/gltf/MaterialInstances_MR/MI_Translucent_TS.uasset" 626
"../../../Engine/Plugins/Interchange/Runtime/Content/gltf/MaterialInstances_MR/MI_Translucent_TS.uexp" 627
"../../../Engine/Plugins/Interchange/Runtime/Content/gltf/MaterialInstances_MR/MI_Translucent_ClearCoat_TS.uasset" 628
"../../../Engine/Plugins/Interchange/Runtime/Content/gltf/MaterialInstances_MR/MI_Translucent_ClearCoat_TS.uexp" 629
"../../../Engine/Plugins/Interchange/Runtime/Content/gltf/MaterialInstances_MR/MI_Translucent_ClearCoat.uasset" 630
"../../../Engine/Plugins/Interchange/Runtime/Content/gltf/MaterialInstances_MR/MI_Translucent_ClearCoat.uexp" 631
"../../../Engine/Plugins/Interchange/Runtime/Content/gltf/MaterialInstances_MR/MI_Translucent.uasset" 632
"../../../Engine/Plugins/Interchange/Runtime/Content/gltf/MaterialInstances_MR/MI_Translucent.uexp" 633
"../../../Engine/Plugins/Interchange/Runtime/Content/gltf/M_Unlit.uasset" 634
"../../../Engine/Plugins/Interchange/Runtime/Content/gltf/M_Unlit.uexp" 635
"../../../Engine/Plugins/Interchange/Runtime/Content/gltf/MaterialInstances_MR/MI_Opaque_Unlit_TS.uasset" 636
"../../../Engine/Plugins/Interchange/Runtime/Content/gltf/MaterialInstances_MR/MI_Opaque_Unlit_TS.uexp" 637
"../../../Engine/Plugins/Interchange/Runtime/Content/gltf/MaterialInstances_MR/MI_Opaque_Unlit.uasset" 638
"../../../Engine/Plugins/Interchange/Runtime/Content/gltf/MaterialInstances_MR/MI_Opaque_Unlit.uexp" 639
"../../../Engine/Plugins/Interchange/Runtime/Content/gltf/M_Opaque.uasset" 640
"../../../Engine/Plugins/Interchange/Runtime/Content/gltf/M_Opaque.uexp" 641
"../../../Engine/Plugins/Interchange/Runtime/Content/gltf/MaterialInstances_MR/MI_Opaque_TS.uasset" 642
"../../../Engine/Plugins/Interchange/Runtime/Content/gltf/MaterialInstances_MR/MI_Opaque_TS.uexp" 643
"../../../Engine/Plugins/Interchange/Runtime/Content/gltf/MaterialFunctions/MF_Sheen.uasset" 644
"../../../Engine/Plugins/Interchange/Runtime/Content/gltf/MaterialFunctions/MF_Sheen.uexp" 645
"../../../Engine/Content/Functions/Engine_MaterialFunctions01/Shading/FuzzyShading.uasset" 646
"../../../Engine/Content/Functions/Engine_MaterialFunctions01/Shading/FuzzyShading.uexp" 647
"../../../Engine/Plugins/Interchange/Runtime/Content/gltf/M_Sheen.uasset" 648
"../../../Engine/Plugins/Interchange/Runtime/Content/gltf/M_Sheen.uexp" 649
"../../../Engine/Plugins/Interchange/Runtime/Content/gltf/MaterialInstances_MR/MI_Opaque_Sheen_TS.uasset" 650
"../../../Engine/Plugins/Interchange/Runtime/Content/gltf/MaterialInstances_MR/MI_Opaque_Sheen_TS.uexp" 651
"../../../Engine/Plugins/Interchange/Runtime/Content/gltf/MaterialInstances_MR/MI_Opaque_Sheen.uasset" 652
"../../../Engine/Plugins/Interchange/Runtime/Content/gltf/MaterialInstances_MR/MI_Opaque_Sheen.uexp" 653
"../../../Engine/Plugins/Interchange/Runtime/Content/gltf/MaterialInstances_MR/MI_Opaque_ClearCoat_TS.uasset" 654
"../../../Engine/Plugins/Interchange/Runtime/Content/gltf/MaterialInstances_MR/MI_Opaque_ClearCoat_TS.uexp" 655
"../../../Engine/Plugins/Interchange/Runtime/Content/gltf/MaterialInstances_MR/MI_Opaque_ClearCoat.uasset" 656
"../../../Engine/Plugins/Interchange/Runtime/Content/gltf/MaterialInstances_MR/MI_Opaque_ClearCoat.uexp" 657
"../../../Engine/Plugins/Interchange/Runtime/Content/gltf/MaterialInstances_MR/MI_Opaque.uasset" 658
"../../../Engine/Plugins/Interchange/Runtime/Content/gltf/MaterialInstances_MR/MI_Opaque.uexp" 659
"../../../Engine/Plugins/Interchange/Runtime/Content/gltf/MaterialInstances_SG/MI_Transmission_TS.uasset" 660
"../../../Engine/Plugins/Interchange/Runtime/Content/gltf/MaterialInstances_SG/MI_Transmission_TS.uexp" 661
"../../../Engine/Plugins/Interchange/Runtime/Content/gltf/MaterialInstances_SG/MI_Transmission.uasset" 662
"../../../Engine/Plugins/Interchange/Runtime/Content/gltf/MaterialInstances_SG/MI_Transmission.uexp" 663
"../../../Engine/Plugins/Interchange/Runtime/Content/gltf/MaterialInstances_SG/MI_Translucent_TS.uasset" 664
"../../../Engine/Plugins/Interchange/Runtime/Content/gltf/MaterialInstances_SG/MI_Translucent_TS.uexp" 665
"../../../Engine/Plugins/Interchange/Runtime/Content/gltf/MaterialInstances_SG/MI_Translucent_ClearCoat_TS.uasset" 666
"../../../Engine/Plugins/Interchange/Runtime/Content/gltf/MaterialInstances_SG/MI_Translucent_ClearCoat_TS.uexp" 667
"../../../Engine/Plugins/Interchange/Runtime/Content/gltf/MaterialInstances_SG/MI_Translucent_ClearCoat.uasset" 668
"../../../Engine/Plugins/Interchange/Runtime/Content/gltf/MaterialInstances_SG/MI_Translucent_ClearCoat.uexp" 669
"../../../Engine/Plugins/Interchange/Runtime/Content/gltf/MaterialInstances_SG/MI_Translucent.uasset" 670
"../../../Engine/Plugins/Interchange/Runtime/Content/gltf/MaterialInstances_SG/MI_Translucent.uexp" 671
"../../../Engine/Plugins/Interchange/Runtime/Content/gltf/MaterialInstances_SG/MI_Opaque_TS.uasset" 672
"../../../Engine/Plugins/Interchange/Runtime/Content/gltf/MaterialInstances_SG/MI_Opaque_TS.uexp" 673
"../../../Engine/Plugins/Interchange/Runtime/Content/gltf/MaterialInstances_SG/MI_Opaque_Sheen_TS.uasset" 674
"../../../Engine/Plugins/Interchange/Runtime/Content/gltf/MaterialInstances_SG/MI_Opaque_Sheen_TS.uexp" 675
"../../../Engine/Plugins/Interchange/Runtime/Content/gltf/MaterialInstances_SG/MI_Opaque_Sheen.uasset" 676
"../../../Engine/Plugins/Interchange/Runtime/Content/gltf/MaterialInstances_SG/MI_Opaque_Sheen.uexp" 677
"../../../Engine/Plugins/Interchange/Runtime/Content/gltf/MaterialInstances_SG/MI_Opaque_ClearCoat_TS.uasset" 678
"../../../Engine/Plugins/Interchange/Runtime/Content/gltf/MaterialInstances_SG/MI_Opaque_ClearCoat_TS.uexp" 679
"../../../Engine/Plugins/Interchange/Runtime/Content/gltf/MaterialInstances_SG/MI_Opaque_ClearCoat.uasset" 680
"../../../Engine/Plugins/Interchange/Runtime/Content/gltf/MaterialInstances_SG/MI_Opaque_ClearCoat.uexp" 681
"../../../Engine/Plugins/Interchange/Runtime/Content/gltf/MaterialInstances_SG/MI_Opaque.uasset" 682
"../../../Engine/Plugins/Interchange/Runtime/Content/gltf/MaterialInstances_SG/MI_Opaque.uexp" 683
"../../../Engine/Plugins/Interchange/Runtime/Content/gltf/Textures/T_Gray_Linear.uasset" 684
"../../../Engine/Plugins/Interchange/Runtime/Content/gltf/Textures/T_Gray_Linear.uexp" 685
"../../../Engine/Plugins/Interchange/Runtime/Content/gltf/Textures/T_Black_srgb.uasset" 686
"../../../Engine/Plugins/Interchange/Runtime/Content/gltf/Textures/T_Black_srgb.uexp" 687
"../../../Engine/Plugins/Interchange/Runtime/Content/Materials/UnlitMaterial.uasset" 688
"../../../Engine/Plugins/Interchange/Runtime/Content/Materials/UnlitMaterial.uexp" 689
"../../../Engine/Content/EngineMaterials/DefaultNormal.ubulk" 690
"../../../Engine/Content/EngineMaterials/DefaultNormal.uasset" 691
"../../../Engine/Content/EngineMaterials/DefaultNormal.uexp" 692
"../../../Engine/Plugins/Interchange/Runtime/Content/Materials/MapOrScalarFunction.uasset" 693
"../../../Engine/Plugins/Interchange/Runtime/Content/Materials/MapOrScalarFunction.uexp" 694
"../../../Engine/Plugins/Interchange/Runtime/Content/Materials/MapOrLinearColorFunction.uasset" 695
"../../../Engine/Plugins/Interchange/Runtime/Content/Materials/MapOrLinearColorFunction.uexp" 696
"../../../Engine/Plugins/Interchange/Runtime/Content/Materials/MapOrColorFunction.uasset" 697
"../../../Engine/Plugins/Interchange/Runtime/Content/Materials/MapOrColorFunction.uexp" 698
"../../../Engine/Plugins/Interchange/Runtime/Content/Materials/CommonMaterial.uasset" 699
"../../../Engine/Plugins/Interchange/Runtime/Content/Materials/CommonMaterial.uexp" 700
"../../../Engine/Plugins/Interchange/Runtime/Content/Materials/PBRSurfaceFunction.uasset" 701
"../../../Engine/Plugins/Interchange/Runtime/Content/Materials/PBRSurfaceFunction.uexp" 702
"../../../Engine/Plugins/Interchange/Runtime/Content/Materials/ThinTranslucentMaterial.uasset" 703
"../../../Engine/Plugins/Interchange/Runtime/Content/Materials/ThinTranslucentMaterial.uexp" 704
"../../../Engine/Plugins/Interchange/Runtime/Content/Materials/SubsurfaceMaterial.uasset" 705
"../../../Engine/Plugins/Interchange/Runtime/Content/Materials/SubsurfaceMaterial.uexp" 706
"../../../Engine/Plugins/Interchange/Runtime/Content/Materials/SheenMaterial.uasset" 707
"../../../Engine/Plugins/Interchange/Runtime/Content/Materials/SheenMaterial.uexp" 708
"../../../Engine/Content/Functions/Engine_MaterialFunctions01/Shading/ConvertFromDiffSpec.uasset" 709
"../../../Engine/Content/Functions/Engine_MaterialFunctions01/Shading/ConvertFromDiffSpec.uexp" 710
"../../../Engine/Plugins/Interchange/Runtime/Content/Materials/PhongSurfaceMaterial.uasset" 711
"../../../Engine/Plugins/Interchange/Runtime/Content/Materials/PhongSurfaceMaterial.uexp" 712
"../../../Engine/Plugins/Interchange/Runtime/Content/Materials/PBRSurfaceMaterial.uasset" 713
"../../../Engine/Plugins/Interchange/Runtime/Content/Materials/PBRSurfaceMaterial.uexp" 714
"../../../Engine/Content/EngineMaterials/FlatNormal.uasset" 715
"../../../Engine/Content/EngineMaterials/FlatNormal.uexp" 716
"../../../Engine/Content/EditorLandscapeResources/WhiteSquareTexture.uasset" 717
"../../../Engine/Content/EditorLandscapeResources/WhiteSquareTexture.uexp" 718
"../../../Engine/Plugins/Interchange/Runtime/Content/Materials/OrenNayerMaterial.uasset" 719
"../../../Engine/Plugins/Interchange/Runtime/Content/Materials/OrenNayerMaterial.uexp" 720
"../../../Engine/Plugins/Interchange/Runtime/Content/Materials/LambertSurfaceMaterial.uasset" 721
"../../../Engine/Plugins/Interchange/Runtime/Content/Materials/LambertSurfaceMaterial.uexp" 722
"../../../Engine/Plugins/Interchange/Runtime/Content/Materials/ClearCoatMaterial.uasset" 723
"../../../Engine/Plugins/Interchange/Runtime/Content/Materials/ClearCoatMaterial.uexp" 724
"../../../Engine/Plugins/Interchange/Runtime/Content/Pipelines/DefaultTexturePipeline.uasset" 725
"../../../Engine/Plugins/Interchange/Runtime/Content/Pipelines/DefaultTexturePipeline.uexp" 726
"../../../Engine/Plugins/Interchange/Runtime/Content/Pipelines/DefaultSceneLevelPipeline.uasset" 727
"../../../Engine/Plugins/Interchange/Runtime/Content/Pipelines/DefaultSceneLevelPipeline.uexp" 728
"../../../Engine/Plugins/Interchange/Runtime/Content/Pipelines/DefaultSceneAssetsPipeline.uasset" 729
"../../../Engine/Plugins/Interchange/Runtime/Content/Pipelines/DefaultSceneAssetsPipeline.uexp" 730
"../../../Engine/Plugins/Interchange/Runtime/Content/Pipelines/DefaultMaterialPipeline.uasset" 731
"../../../Engine/Plugins/Interchange/Runtime/Content/Pipelines/DefaultMaterialPipeline.uexp" 732
"../../../Engine/Plugins/Interchange/Runtime/Content/Pipelines/DefaultAssetsPipeline.uasset" 733
"../../../Engine/Plugins/Interchange/Runtime/Content/Pipelines/DefaultAssetsPipeline.uexp" 734
"../../../Engine/Plugins/Runtime/MeshModelingToolset/Content/Materials/M_DynamicMeshComponentVtxColor.uasset" 735
"../../../Engine/Plugins/Runtime/MeshModelingToolset/Content/Materials/M_DynamicMeshComponentVtxColor.uexp" 736
"C:/Users/Josh/Documents/Unreal Projects/pseudoregalia/Content/Blueprints/GameData/MVMain_Save.uasset" 737
"C:/Users/Josh/Documents/Unreal Projects/pseudoregalia/Content/Blueprints/GameData/MVMain_Save.uexp" 738
"C:/Users/Josh/Documents/Unreal Projects/pseudoregalia/Content/Meshes/Characters/mainWeapon_Skeleton.uasset" 739
"C:/Users/Josh/Documents/Unreal Projects/pseudoregalia/Content/Meshes/Characters/mainWeapon_Skeleton.uexp" 740
"C:/Users/Josh/Documents/Unreal Projects/pseudoregalia/Content/MatTex/Textures/Characters/playerTexTemp.ubulk" 741
"C:/Users/Josh/Documents/Unreal Projects/pseudoregalia/Content/MatTex/Textures/Characters/playerTexTemp.uasset" 742
"C:/Users/Josh/Documents/Unreal Projects/pseudoregalia/Content/MatTex/Textures/Characters/playerTexTemp.uexp" 743
"C:/Users/Josh/Documents/Unreal Projects/pseudoregalia/Content/MatTex/Materials/Characters/MI_PlayerWepon.uasset" 744
"C:/Users/Josh/Documents/Unreal Projects/pseudoregalia/Content/MatTex/Materials/Characters/MI_PlayerWepon.uexp" 745
"C:/Users/Josh/Documents/Unreal Projects/pseudoregalia/Content/Meshes/Characters/mainWeapon_Keyblade_Dream_Breaker.uasset" 746
"C:/Users/Josh/Documents/Unreal Projects/pseudoregalia/Content/Meshes/Characters/mainWeapon_Keyblade_Dream_Breaker.uexp" 747
"C:/Users/Josh/Documents/Unreal Projects/pseudoregalia/Content/Mods/JadeMind/MatTex/Textures/Jade-Mind_TEX.uasset" 748
"C:/Users/Josh/Documents/Unreal Projects/pseudoregalia/Content/Mods/JadeMind/MatTex/Textures/Jade-Mind_TEX.uexp" 749
"C:/Users/Josh/Documents/Unreal Projects/pseudoregalia/Content/Mods/JadeMind/MatTex/Materials/MI_PlayerWepon.uasset" 750
"C:/Users/Josh/Documents/Unreal Projects/pseudoregalia/Content/Mods/JadeMind/MatTex/Materials/MI_PlayerWepon.uexp" 751
"C:/Users/Josh/Documents/Unreal Projects/pseudoregalia/Content/Meshes/Characters/mainWeapon_Jade_Mind.uasset" 752
"C:/Users/Josh/Documents/Unreal Projects/pseudoregalia/Content/Meshes/Characters/mainWeapon_Jade_Mind.uexp" 753
"C:/Users/Josh/Documents/Unreal Projects/pseudoregalia/Content/Meshes/Characters/mainWeapon_Dream_Breaker_Keyblade.uasset" 754
"C:/Users/Josh/Documents/Unreal Projects/pseudoregalia/Content/Meshes/Characters/mainWeapon_Dream_Breaker_Keyblade.uexp" 755
"../../../Engine/Content/Functions/Engine_MaterialFunctions01/Gradient/SphereGradient-2D.uasset" 756
"../../../Engine/Content/Functions/Engine_MaterialFunctions01/Gradient/SphereGradient-2D.uexp" 757
"C:/Users/Josh/Documents/Unreal Projects/pseudoregalia/Content/Mods/FoeHammers_AttireUIOverhaul_P/MatTex/Materials/BlobShadow_Mat.uasset" 758
"C:/Users/Josh/Documents/Unreal Projects/pseudoregalia/Content/Mods/FoeHammers_AttireUIOverhaul_P/MatTex/Materials/BlobShadow_Mat.uexp" 759
"C:/Users/Josh/Documents/Unreal Projects/pseudoregalia/Content/UI/Fonts/ParkLaneNF.uexp" 760
"C:/Users/Josh/Documents/Unreal Projects/pseudoregalia/Content/UI/Fonts/ParkLaneNF.uasset" 761
"C:/Users/Josh/Documents/Unreal Projects/pseudoregalia/Content/UI/Fonts/ParkLaneNF.ufont" 762
"C:/Users/Josh/Documents/Unreal Projects/pseudoregalia/Content/UI/Fonts/ParkLaneNF_Font.uasset" 763
"C:/Users/Josh/Documents/Unreal Projects/pseudoregalia/Content/UI/Fonts/ParkLaneNF_Font.uexp" 764
"C:/Users/Josh/Documents/Unreal Projects/pseudoregalia/Content/UI/UI_GenericButton.uasset" 765
"C:/Users/Josh/Documents/Unreal Projects/pseudoregalia/Content/UI/UI_GenericButton.uexp" 766
"C:/Users/Josh/Documents/Unreal Projects/pseudoregalia/Content/Mods/FoeHammers_AttireUIOverhaul_P/Blueprints/UI/UI_ListPip.uasset" 767
"C:/Users/Josh/Documents/Unreal Projects/pseudoregalia/Content/Mods/FoeHammers_AttireUIOverhaul_P/Blueprints/UI/UI_ListPip.uexp" 768
"C:/Users/Josh/Documents/Unreal Projects/pseudoregalia/Content/Mods/FoeHammers_AttireUIOverhaul_P/Blueprints/UI/ColourButton.uasset" 769
"C:/Users/Josh/Documents/Unreal Projects/pseudoregalia/Content/Mods/FoeHammers_AttireUIOverhaul_P/Blueprints/UI/ColourButton.uexp" 770
"C:/Users/Josh/Documents/Unreal Projects/pseudoregalia/Content/Mods/FoeHammers_AttireUIOverhaul_P/Data/Structs/ST_DashColourData.uasset" 771
"C:/Users/Josh/Documents/Unreal Projects/pseudoregalia/Content/Mods/FoeHammers_AttireUIOverhaul_P/Data/Structs/ST_DashColourData.uexp" 772
"C:/Users/Josh/Documents/Unreal Projects/pseudoregalia/Content/Mods/FoeHammers_AttireUIOverhaul_P/Data/DataTables/DT_DashColourData.uasset" 773
"C:/Users/Josh/Documents/Unreal Projects/pseudoregalia/Content/Mods/FoeHammers_AttireUIOverhaul_P/Data/DataTables/DT_DashColourData.uexp" 774
"C:/Users/Josh/Documents/Unreal Projects/pseudoregalia/Content/Data/Structs/ST_OutfitData.uasset" 775
"C:/Users/Josh/Documents/Unreal Projects/pseudoregalia/Content/Data/Structs/ST_OutfitData.uexp" 776
"C:/Users/Josh/Documents/Unreal Projects/pseudoregalia/Content/Blueprints/GameData/MV_GameInstance.uasset" 777
"C:/Users/Josh/Documents/Unreal Projects/pseudoregalia/Content/Blueprints/GameData/MV_GameInstance.uexp" 778
"C:/Users/Josh/Documents/Unreal Projects/pseudoregalia/Content/ThirdPerson/Player/BP_PlayerGoatMain.uasset" 779
"C:/Users/Josh/Documents/Unreal Projects/pseudoregalia/Content/ThirdPerson/Player/BP_PlayerGoatMain.uexp" 780
"../../../Engine/Content/EditorBlueprintResources/StandardMacros.uasset" 781
"../../../Engine/Content/EditorBlueprintResources/StandardMacros.uexp" 782
"C:/Users/Josh/Documents/Unreal Projects/pseudoregalia/Content/Meshes/Characters/mainWeapon_Skeleton_AnimBlueprint.uasset" 783
"C:/Users/Josh/Documents/Unreal Projects/pseudoregalia/Content/Meshes/Characters/mainWeapon_Skeleton_AnimBlueprint.uexp" 784
"C:/Users/Josh/Documents/Unreal Projects/pseudoregalia/Content/Meshes/Characters/mainWeapon.uasset" 785
"C:/Users/Josh/Documents/Unreal Projects/pseudoregalia/Content/Meshes/Characters/mainWeapon.uexp" 786
"C:/Users/Josh/Documents/Unreal Projects/pseudoregalia/Content/Mods/FoeHammers_AttireUIOverhaul_P/Blueprints/GameData/SG_Custom.uasset" 787
"C:/Users/Josh/Documents/Unreal Projects/pseudoregalia/Content/Mods/FoeHammers_AttireUIOverhaul_P/Blueprints/GameData/SG_Custom.uexp" 788
"C:/Users/Josh/Documents/Unreal Projects/pseudoregalia/Content/Mods/FoeHammers_AttireUIOverhaul_P/Audio/SW_open-bag-sound.ubulk" 789
"C:/Users/Josh/Documents/Unreal Projects/pseudoregalia/Content/Mods/FoeHammers_AttireUIOverhaul_P/Audio/SW_open-bag-sound.uasset" 790
"C:/Users/Josh/Documents/Unreal Projects/pseudoregalia/Content/Mods/FoeHammers_AttireUIOverhaul_P/Audio/SW_open-bag-sound.uexp" 791
"C:/Users/Josh/Documents/Unreal Projects/pseudoregalia/Content/Mods/FoeHammers_AttireUIOverhaul_P/Audio/SW_clothes-drop-2.ubulk" 792
"C:/Users/Josh/Documents/Unreal Projects/pseudoregalia/Content/Mods/FoeHammers_AttireUIOverhaul_P/Audio/SW_clothes-drop-2.uasset" 793
"C:/Users/Josh/Documents/Unreal Projects/pseudoregalia/Content/Mods/FoeHammers_AttireUIOverhaul_P/Audio/SW_clothes-drop-2.uexp" 794
"C:/Users/Josh/Documents/Unreal Projects/pseudoregalia/Content/Mods/FoeHammers_AttireUIOverhaul_P/Audio/SC_OutfitChangeCue.uasset" 795
"C:/Users/Josh/Documents/Unreal Projects/pseudoregalia/Content/Mods/FoeHammers_AttireUIOverhaul_P/Audio/SC_OutfitChangeCue.uexp" 796
"C:/Users/Josh/Documents/Unreal Projects/pseudoregalia/Content/Data/DataTables/DT_OutfitData.uasset" 797
"C:/Users/Josh/Documents/Unreal Projects/pseudoregalia/Content/Data/DataTables/DT_OutfitData.uexp" 798
"../../../Engine/Content/BasicShapes/Plane.ubulk" 799
"../../../Engine/Content/BasicShapes/Plane.uasset" 800
"../../../Engine/Content/BasicShapes/Plane.uexp" 801
"C:/Users/Josh/Documents/Unreal Projects/pseudoregalia/Content/Meshes/Characters/SK_dreamLady_Min_PhysicsAsset.uasset" 802
"C:/Users/Josh/Documents/Unreal Projects/pseudoregalia/Content/Meshes/Characters/SK_dreamLady_Min_PhysicsAsset.uexp" 803
"C:/Users/Josh/Documents/Unreal Projects/pseudoregalia/Content/Meshes/Characters/SK_dreamLady_Skeleton.uasset" 804
"C:/Users/Josh/Documents/Unreal Projects/pseudoregalia/Content/Meshes/Characters/SK_dreamLady_Skeleton.uexp" 805
"C:/Users/Josh/Documents/Unreal Projects/pseudoregalia/Content/MatTex/Textures/Characters/sybilFaceTextures.ubulk" 806
"C:/Users/Josh/Documents/Unreal Projects/pseudoregalia/Content/MatTex/Textures/Characters/sybilFaceTextures.uasset" 807
"C:/Users/Josh/Documents/Unreal Projects/pseudoregalia/Content/MatTex/Textures/Characters/sybilFaceTextures.uexp" 808
"C:/Users/Josh/Documents/Unreal Projects/pseudoregalia/Content/Meshes/Characters/MI_n64_PlayergoatFace.uasset" 809
"C:/Users/Josh/Documents/Unreal Projects/pseudoregalia/Content/Meshes/Characters/MI_n64_PlayergoatFace.uexp" 810
"C:/Users/Josh/Documents/Unreal Projects/pseudoregalia/Content/Meshes/Characters/MI_n64_Playergoat.uasset" 811
"C:/Users/Josh/Documents/Unreal Projects/pseudoregalia/Content/Meshes/Characters/MI_n64_Playergoat.uexp" 812
"C:/Users/Josh/Documents/Unreal Projects/pseudoregalia/Content/Meshes/Characters/dreamLady_Min.uasset" 813
"C:/Users/Josh/Documents/Unreal Projects/pseudoregalia/Content/Meshes/Characters/dreamLady_Min.uexp" 814
"C:/Users/Josh/Documents/Unreal Projects/pseudoregalia/Content/ThirdPerson/Player/BP_looseWeapon.uasset" 815
"C:/Users/Josh/Documents/Unreal Projects/pseudoregalia/Content/ThirdPerson/Player/BP_looseWeapon.uexp" 816
"C:/Users/Josh/Documents/Unreal Projects/pseudoregalia/Content/Mods/FoeHammers_AttireUIOverhaul_P/MatTex/Textures/RenderTarget.uasset" 817
"C:/Users/Josh/Documents/Unreal Projects/pseudoregalia/Content/Mods/FoeHammers_AttireUIOverhaul_P/MatTex/Textures/RenderTarget.uexp" 818
"../../../Engine/Content/Animation/DefaultAnimCurveCompressionSettings.uasset" 819
"../../../Engine/Content/Animation/DefaultAnimCurveCompressionSettings.uexp" 820
"../../../Engine/Content/Animation/DefaultAnimBoneCompressionSettings.uasset" 821
"../../../Engine/Content/Animation/DefaultAnimBoneCompressionSettings.uexp" 822
"C:/Users/Josh/Documents/Unreal Projects/pseudoregalia/Content/Animations/Player/dreamLady_Idle.uasset" 823
"C:/Users/Josh/Documents/Unreal Projects/pseudoregalia/Content/Animations/Player/dreamLady_Idle.uexp" 824
"C:/Users/Josh/Documents/Unreal Projects/pseudoregalia/Content/MatTex/Textures/Environment/building_floor_01.uasset" 825
"C:/Users/Josh/Documents/Unreal Projects/pseudoregalia/Content/MatTex/Textures/Environment/building_floor_01.uexp" 826
"../../../Engine/Content/EngineMaterials/Good64x64TilingNoiseHighFreq.uasset" 827
"../../../Engine/Content/EngineMaterials/Good64x64TilingNoiseHighFreq.uexp" 828
"../../../Engine/Content/Functions/Engine_MaterialFunctions02/Utility/DitherTemporalAA.uasset" 829
"../../../Engine/Content/Functions/Engine_MaterialFunctions02/Utility/DitherTemporalAA.uexp" 830
"C:/Users/Josh/Documents/Unreal Projects/pseudoregalia/Content/Mods/FoeHammers_AttireUIOverhaul_P/MatTex/Materials/Floor_Mat.uasset" 831
"C:/Users/Josh/Documents/Unreal Projects/pseudoregalia/Content/Mods/FoeHammers_AttireUIOverhaul_P/MatTex/Materials/Floor_Mat.uexp" 832
"C:/Users/Josh/Documents/Unreal Projects/pseudoregalia/Content/Mods/FoeHammers_AttireUIOverhaul_P/Blueprints/ModActor.uasset" 833
"C:/Users/Josh/Documents/Unreal Projects/pseudoregalia/Content/Mods/FoeHammers_AttireUIOverhaul_P/Blueprints/ModActor.uexp" 834
"C:/Users/Josh/Documents/Unreal Projects/pseudoregalia/Content/Mods/FoeHammers_AttireUIOverhaul_P/MatTex/Textures/Dice.uasset" 835
"C:/Users/Josh/Documents/Unreal Projects/pseudoregalia/Content/Mods/FoeHammers_AttireUIOverhaul_P/MatTex/Textures/Dice.uexp" 836
"C:/Users/Josh/Documents/Unreal Projects/pseudoregalia/Content/Mods/FoeHammers_AttireUIOverhaul_P/MatTex/Textures/ResetIcon.ubulk" 837
"C:/Users/Josh/Documents/Unreal Projects/pseudoregalia/Content/Mods/FoeHammers_AttireUIOverhaul_P/MatTex/Textures/ResetIcon.uasset" 838
"C:/Users/Josh/Documents/Unreal Projects/pseudoregalia/Content/Mods/FoeHammers_AttireUIOverhaul_P/MatTex/Textures/ResetIcon.uexp" 839
"C:/Users/Josh/Documents/Unreal Projects/pseudoregalia/Content/Mods/FoeHammers_AttireUIOverhaul_P/Blueprints/UI/UI_GenericText.uasset" 840
"C:/Users/Josh/Documents/Unreal Projects/pseudoregalia/Content/Mods/FoeHammers_AttireUIOverhaul_P/Blueprints/UI/UI_GenericText.uexp" 841
"C:/Users/Josh/Documents/Unreal Projects/pseudoregalia/Content/Mods/FoeHammers_AttireUIOverhaul_P/Blueprints/UI/UI_DashColourSelector.uasset" 842
"C:/Users/Josh/Documents/Unreal Projects/pseudoregalia/Content/Mods/FoeHammers_AttireUIOverhaul_P/Blueprints/UI/UI_DashColourSelector.uexp" 843
"C:/Users/Josh/Documents/Unreal Projects/pseudoregalia/Content/Mods/FoeHammers_AttireUIOverhaul_P/Blueprints/ModMacros.uasset" 844
"C:/Users/Josh/Documents/Unreal Projects/pseudoregalia/Content/Mods/FoeHammers_AttireUIOverhaul_P/Blueprints/ModMacros.uexp" 845
"C:/Users/Josh/Documents/Unreal Projects/pseudoregalia/Content/Mods/FoeHammers_AttireUIOverhaul_P/MatTex/Materials/RenderTarget_Mat.uasset" 846
"C:/Users/Josh/Documents/Unreal Projects/pseudoregalia/Content/Mods/FoeHammers_AttireUIOverhaul_P/MatTex/Materials/RenderTarget_Mat.uexp" 847
"C:/Users/Josh/Documents/Unreal Projects/pseudoregalia/Content/Mods/FoeHammers_AttireUIOverhaul_P/Blueprints/UI/UI_HorizontalSelector.uasset" 848
"C:/Users/Josh/Documents/Unreal Projects/pseudoregalia/Content/Mods/FoeHammers_AttireUIOverhaul_P/Blueprints/UI/UI_HorizontalSelector.uexp" 849
"C:/Users/Josh/Documents/Unreal Projects/pseudoregalia/Content/UI/UI_AttireScreen.uasset" 850
"C:/Users/Josh/Documents/Unreal Projects/pseudoregalia/Content/UI/UI_AttireScreen.uexp" 851
"../../../Engine/Content/Maps/Entry_BuiltData.uasset" 852
"../../../Engine/Content/Maps/Entry_BuiltData.uexp" 853
"../../../Engine/Content/Maps/Entry.uexp" 854
"../../../Engine/Content/Maps/Entry.umap" 855
"C:/Users/Josh/Documents/Unreal Projects/pseudoregalia/Content/Developers/Josh/Collections/Test.uexp" 856
"C:/Users/Josh/Documents/Unreal Projects/pseudoregalia/Content/Developers/Josh/Collections/Test.umap" 857
